#
# There is insufficient memory for the Java Runtime Environment to continue.
# Native memory allocation (malloc) failed to allocate 1230256 bytes. Error detail: Chunk::new
# Possible reasons:
#   The system is out of physical RAM or swap space
#   This process is running with CompressedOops enabled, and the Java Heap may be blocking the growth of the native heap
# Possible solutions:
#   Reduce memory load on the system
#   Increase physical memory or swap space
#   Check if swap backing store is full
#   Decrease Java heap size (-Xmx/-Xms)
#   Decrease number of Java threads
#   Decrease Java thread stack sizes (-Xss)
#   Set larger code cache with -XX:ReservedCodeCacheSize=
#   JVM is running with Unscaled Compressed Oops mode in which the Java heap is
#     placed in the first 4GB address space. The Java Heap base address is the
#     maximum limit for the native heap growth. Please use -XX:HeapBaseMinAddress
#     to set the Java Heap base and to place the Java Heap above 4GB virtual address.
# This output file may be truncated or incomplete.
#
#  Out of Memory Error (arena.cpp:191), pid=60584, tid=22152
#
# JRE version: OpenJDK Runtime Environment Microsoft-9889599 (17.0.12+7) (build 17.0.12+7-LTS)
# Java VM: OpenJDK 64-Bit Server VM Microsoft-9889599 (17.0.12+7-LTS, mixed mode, sharing, tiered, compressed oops, compressed class ptrs, g1 gc, windows-amd64)
# No core dump will be written. Minidumps are not enabled by default on client versions of Windows
#

---------------  S U M M A R Y ------------

Command Line: -XX:MaxMetaspaceSize=512m --add-opens=java.base/java.util=ALL-UNNAMED --add-opens=java.base/java.lang=ALL-UNNAMED --add-opens=java.base/java.lang.invoke=ALL-UNNAMED --add-opens=java.prefs/java.util.prefs=ALL-UNNAMED --add-opens=java.base/java.nio.charset=ALL-UNNAMED --add-opens=java.base/java.net=ALL-UNNAMED --add-opens=java.base/java.util.concurrent.atomic=ALL-UNNAMED -Xmx2048m -Dfile.encoding=windows-1252 -Duser.country=IN -Duser.language=en -Duser.variant -javaagent:C:\Users\prave\.gradle\wrapper\dists\gradle-8.8-all\6gdy1pgp427xkqcjbxw3ylt6h\gradle-8.8\lib\agents\gradle-instrumentation-agent-8.8.jar org.gradle.launcher.daemon.bootstrap.GradleDaemon 8.8

Host: AMD Ryzen 7 4800H with Radeon Graphics         , 16 cores, 15G,  Windows 11 , 64 bit Build 22621 (10.0.22621.3958)
Time: Tue Oct 15 18:12:11 2024 India Standard Time elapsed time: 5.976630 seconds (0d 0h 0m 5s)

---------------  T H R E A D  ---------------

Current thread (0x000001c47f831fd0):  JavaThread "C2 CompilerThread0" daemon [_thread_in_native, id=22152, stack(0x0000004512700000,0x0000004512800000)]


Current CompileTask:
C2:   5977 2526   !   4       java.security.AccessController::doPrivileged (26 bytes)

Stack: [0x0000004512700000,0x0000004512800000]
Native frames: (J=compiled Java code, j=interpreted, Vv=VM code, C=native code)
V  [jvm.dll+0x686d99]
V  [jvm.dll+0x83daf8]
V  [jvm.dll+0x83f5a3]
V  [jvm.dll+0x83fc13]
V  [jvm.dll+0x2492ef]
V  [jvm.dll+0xad0a4]
V  [jvm.dll+0xad73c]
V  [jvm.dll+0x36a3ff]
V  [jvm.dll+0x1bce12]
V  [jvm.dll+0x21a6ac]
V  [jvm.dll+0x21996f]
V  [jvm.dll+0x1a53e6]
V  [jvm.dll+0x229faa]
V  [jvm.dll+0x2280fb]
V  [jvm.dll+0x7f3508]
V  [jvm.dll+0x7ed87c]
V  [jvm.dll+0x685c77]
C  [ucrtbase.dll+0x29333]
C  [KERNEL32.DLL+0x1257d]
C  [ntdll.dll+0x5af08]


---------------  P R O C E S S  ---------------

Threads class SMR info:
_java_thread_list=0x000001c424ede470, length=30, elements={
0x000001c464841580, 0x000001c47f7ccde0, 0x000001c47f7ce9b0, 0x000001c47f8274a0,
0x000001c47f829e70, 0x000001c47f82c840, 0x000001c47f82f210, 0x000001c47f831fd0,
0x000001c47f832a80, 0x000001c47f83b490, 0x000001c47f937900, 0x000001c47f9baa50,
0x000001c47fa0f390, 0x000001c424706500, 0x000001c4246c3f90, 0x000001c423d3f4a0,
0x000001c4248b4030, 0x000001c424bbafb0, 0x000001c424bcacc0, 0x000001c424bc7a20,
0x000001c424bc9880, 0x000001c424bc8e60, 0x000001c424bcb1d0, 0x000001c424bc7f30,
0x000001c424bc8440, 0x000001c424bca2a0, 0x000001c424bc9d90, 0x000001c424bc8950,
0x000001c424bc9370, 0x000001c42571fdc0
}

Java Threads: ( => current thread )
  0x000001c464841580 JavaThread "main" [_thread_blocked, id=61500, stack(0x0000004511a00000,0x0000004511b00000)]
  0x000001c47f7ccde0 JavaThread "Reference Handler" daemon [_thread_blocked, id=28184, stack(0x0000004512100000,0x0000004512200000)]
  0x000001c47f7ce9b0 JavaThread "Finalizer" daemon [_thread_blocked, id=59172, stack(0x0000004512200000,0x0000004512300000)]
  0x000001c47f8274a0 JavaThread "Signal Dispatcher" daemon [_thread_blocked, id=37944, stack(0x0000004512300000,0x0000004512400000)]
  0x000001c47f829e70 JavaThread "Attach Listener" daemon [_thread_blocked, id=50296, stack(0x0000004512400000,0x0000004512500000)]
  0x000001c47f82c840 JavaThread "Service Thread" daemon [_thread_blocked, id=48916, stack(0x0000004512500000,0x0000004512600000)]
  0x000001c47f82f210 JavaThread "Monitor Deflation Thread" daemon [_thread_blocked, id=41784, stack(0x0000004512600000,0x0000004512700000)]
=>0x000001c47f831fd0 JavaThread "C2 CompilerThread0" daemon [_thread_in_native, id=22152, stack(0x0000004512700000,0x0000004512800000)]
  0x000001c47f832a80 JavaThread "C1 CompilerThread0" daemon [_thread_blocked, id=32348, stack(0x0000004512800000,0x0000004512900000)]
  0x000001c47f83b490 JavaThread "Sweeper thread" daemon [_thread_blocked, id=30072, stack(0x0000004512900000,0x0000004512a00000)]
  0x000001c47f937900 JavaThread "Common-Cleaner" daemon [_thread_blocked, id=22844, stack(0x0000004512a00000,0x0000004512b00000)]
  0x000001c47f9baa50 JavaThread "C1 CompilerThread1" daemon [_thread_blocked, id=28524, stack(0x0000004512b00000,0x0000004512c00000)]
  0x000001c47fa0f390 JavaThread "Notification Thread" daemon [_thread_blocked, id=53904, stack(0x0000004512c00000,0x0000004512d00000)]
  0x000001c424706500 JavaThread "Daemon health stats" [_thread_blocked, id=25636, stack(0x0000004513200000,0x0000004513300000)]
  0x000001c4246c3f90 JavaThread "Incoming local TCP Connector on port 51997" [_thread_in_native, id=32496, stack(0x0000004513300000,0x0000004513400000)]
  0x000001c423d3f4a0 JavaThread "Daemon periodic checks" [_thread_blocked, id=26272, stack(0x0000004513400000,0x0000004513500000)]
  0x000001c4248b4030 JavaThread "Daemon" [_thread_blocked, id=8556, stack(0x0000004513500000,0x0000004513600000)]
  0x000001c424bbafb0 JavaThread "Handler for socket connection from /127.0.0.1:51997 to /127.0.0.1:51999" [_thread_in_native, id=52652, stack(0x0000004513600000,0x0000004513700000)]
  0x000001c424bcacc0 JavaThread "Cancel handler" [_thread_blocked, id=64380, stack(0x0000004513700000,0x0000004513800000)]
  0x000001c424bc7a20 JavaThread "Daemon worker" [_thread_in_vm, id=3500, stack(0x0000004513800000,0x0000004513900000)]
  0x000001c424bc9880 JavaThread "Asynchronous log dispatcher for DefaultDaemonConnection: socket connection from /127.0.0.1:51997 to /127.0.0.1:51999" [_thread_blocked, id=25372, stack(0x0000004513900000,0x0000004513a00000)]
  0x000001c424bc8e60 JavaThread "Stdin handler" [_thread_blocked, id=50852, stack(0x0000004513a00000,0x0000004513b00000)]
  0x000001c424bcb1d0 JavaThread "Daemon client event forwarder" [_thread_blocked, id=37340, stack(0x0000004513b00000,0x0000004513c00000)]
  0x000001c424bc7f30 JavaThread "Cache worker for journal cache (C:\Users\prave\.gradle\caches\journal-1)" [_thread_blocked, id=28464, stack(0x0000004513c00000,0x0000004513d00000)]
  0x000001c424bc8440 JavaThread "File lock request listener" [_thread_in_native, id=8568, stack(0x0000004513d00000,0x0000004513e00000)]
  0x000001c424bca2a0 JavaThread "Cache worker for file hash cache (C:\Users\prave\.gradle\caches\8.8\fileHashes)" [_thread_blocked, id=50564, stack(0x0000004513e00000,0x0000004513f00000)]
  0x000001c424bc9d90 JavaThread "File lock release action executor" [_thread_blocked, id=52204, stack(0x0000004513f00000,0x0000004514000000)]
  0x000001c424bc8950 JavaThread "Cache worker for file hash cache (C:\Users\prave\Safar\android\.gradle\8.8\fileHashes)" [_thread_blocked, id=27956, stack(0x0000004514000000,0x0000004514100000)]
  0x000001c424bc9370 JavaThread "File watcher server" daemon [_thread_in_native, id=29092, stack(0x0000004514900000,0x0000004514a00000)]
  0x000001c42571fdc0 JavaThread "File watcher consumer" daemon [_thread_blocked, id=63296, stack(0x0000004514a00000,0x0000004514b00000)]

Other Threads:
  0x000001c47f7c9690 VMThread "VM Thread" [stack: 0x0000004512000000,0x0000004512100000] [id=26192]
  0x000001c47f9bbbe0 WatcherThread [stack: 0x0000004512d00000,0x0000004512e00000] [id=21876]
  0x000001c46489cf30 GCTaskThread "GC Thread#0" [stack: 0x0000004511b00000,0x0000004511c00000] [id=28712]
  0x000001c423383590 GCTaskThread "GC Thread#1" [stack: 0x0000004512e00000,0x0000004512f00000] [id=39168]
  0x000001c423383850 GCTaskThread "GC Thread#2" [stack: 0x0000004512f00000,0x0000004513000000] [id=55732]
  0x000001c4234baf70 GCTaskThread "GC Thread#3" [stack: 0x0000004513000000,0x0000004513100000] [id=54224]
  0x000001c4234bb230 GCTaskThread "GC Thread#4" [stack: 0x0000004513100000,0x0000004513200000] [id=44284]
  0x000001c42372b180 GCTaskThread "GC Thread#5" [stack: 0x0000004514100000,0x0000004514200000] [id=28852]
  0x000001c42372ac00 GCTaskThread "GC Thread#6" [stack: 0x0000004514200000,0x0000004514300000] [id=62996]
  0x000001c423729b80 GCTaskThread "GC Thread#7" [stack: 0x0000004514300000,0x0000004514400000] [id=51800]
  0x000001c42372b440 GCTaskThread "GC Thread#8" [stack: 0x0000004514400000,0x0000004514500000] [id=48408]
  0x000001c423729e40 GCTaskThread "GC Thread#9" [stack: 0x0000004514500000,0x0000004514600000] [id=28252]
  0x000001c42372a3c0 GCTaskThread "GC Thread#10" [stack: 0x0000004514600000,0x0000004514700000] [id=56076]
  0x000001c42372a940 GCTaskThread "GC Thread#11" [stack: 0x0000004514700000,0x0000004514800000] [id=31292]
  0x000001c42372aec0 GCTaskThread "GC Thread#12" [stack: 0x0000004514800000,0x0000004514900000] [id=45136]
  0x000001c4648ade80 ConcurrentGCThread "G1 Main Marker" [stack: 0x0000004511c00000,0x0000004511d00000] [id=54940]
  0x000001c4648ae8a0 ConcurrentGCThread "G1 Conc#0" [stack: 0x0000004511d00000,0x0000004511e00000] [id=51976]
  0x000001c47f6746e0 ConcurrentGCThread "G1 Refine#0" [stack: 0x0000004511e00000,0x0000004511f00000] [id=2456]
  0x000001c47f675fc0 ConcurrentGCThread "G1 Service" [stack: 0x0000004511f00000,0x0000004512000000] [id=60780]

Threads with active compile tasks:
C2 CompilerThread0     6020 2526   !   4       java.security.AccessController::doPrivileged (26 bytes)

VM state: not at safepoint (normal execution)

VM Mutex/Monitor currently owned by a thread: None

Heap address: 0x0000000080000000, size: 2048 MB, Compressed Oops mode: 32-bit

CDS archive(s) mapped at: [0x000001c404000000-0x000001c404bb0000-0x000001c404bb0000), size 12255232, SharedBaseAddress: 0x000001c404000000, ArchiveRelocationMode: 1.
Compressed class space mapped at: 0x000001c405000000-0x000001c41f000000, reserved size: 436207616
Narrow klass base: 0x000001c404000000, Narrow klass shift: 0, Narrow klass range: 0x100000000

GC Precious Log:
 CPUs: 16 total, 16 available
 Memory: 15732M
 Large Page Support: Disabled
 NUMA Support: Disabled
 Compressed Oops: Enabled (32-bit)
 Heap Region Size: 1M
 Heap Min Capacity: 8M
 Heap Initial Capacity: 246M
 Heap Max Capacity: 2G
 Pre-touch: Disabled
 Parallel Workers: 13
 Concurrent Workers: 3
 Concurrent Refinement Workers: 13
 Periodic GC: Disabled

Heap:
 garbage-first heap   total 251904K, used 32280K [0x0000000080000000, 0x0000000100000000)
  region size 1024K, 22 young (22528K), 12 survivors (12288K)
 Metaspace       used 21125K, committed 21504K, reserved 491520K
  class space    used 3081K, committed 3264K, reserved 425984K

Heap Regions: E=young(eden), S=young(survivor), O=old, HS=humongous(starts), HC=humongous(continues), CS=collection set, F=free, OA=open archive, CA=closed archive, TAMS=top-at-mark-start (previous, next)
|   0|0x0000000080000000, 0x0000000080100000, 0x0000000080100000|100%|HS|  |TAMS 0x0000000080000000, 0x0000000080000000| Complete 
|   1|0x0000000080100000, 0x0000000080200000, 0x0000000080200000|100%|HC|  |TAMS 0x0000000080100000, 0x0000000080100000| Complete 
|   2|0x0000000080200000, 0x0000000080300000, 0x0000000080300000|100%|HC|  |TAMS 0x0000000080200000, 0x0000000080200000| Complete 
|   3|0x0000000080300000, 0x0000000080400000, 0x0000000080400000|100%|HC|  |TAMS 0x0000000080300000, 0x0000000080300000| Complete 
|   4|0x0000000080400000, 0x0000000080500000, 0x0000000080500000|100%| O|  |TAMS 0x0000000080400000, 0x0000000080400000| Untracked 
|   5|0x0000000080500000, 0x0000000080600000, 0x0000000080600000|100%| O|  |TAMS 0x0000000080500000, 0x0000000080500000| Untracked 
|   6|0x0000000080600000, 0x0000000080700000, 0x0000000080700000|100%| O|  |TAMS 0x0000000080600000, 0x0000000080600000| Untracked 
|   7|0x0000000080700000, 0x0000000080800000, 0x0000000080800000|100%| O|  |TAMS 0x0000000080700000, 0x0000000080700000| Untracked 
|   8|0x0000000080800000, 0x0000000080900000, 0x0000000080900000|100%| O|  |TAMS 0x0000000080800000, 0x0000000080800000| Untracked 
|   9|0x0000000080900000, 0x0000000080a00000, 0x0000000080a00000|100%| O|  |TAMS 0x0000000080900000, 0x0000000080900000| Untracked 
|  10|0x0000000080a00000, 0x0000000080a35000, 0x0000000080b00000| 20%| O|  |TAMS 0x0000000080a00000, 0x0000000080a00000| Untracked 
|  11|0x0000000080b00000, 0x0000000080c00000, 0x0000000080c00000|100%|HS|  |TAMS 0x0000000080b00000, 0x0000000080b00000| Complete 
|  12|0x0000000080c00000, 0x0000000080c00000, 0x0000000080d00000|  0%| F|  |TAMS 0x0000000080c00000, 0x0000000080c00000| Untracked 
|  13|0x0000000080d00000, 0x0000000080d00000, 0x0000000080e00000|  0%| F|  |TAMS 0x0000000080d00000, 0x0000000080d00000| Untracked 
|  14|0x0000000080e00000, 0x0000000080e00000, 0x0000000080f00000|  0%| F|  |TAMS 0x0000000080e00000, 0x0000000080e00000| Untracked 
|  15|0x0000000080f00000, 0x0000000080f00000, 0x0000000081000000|  0%| F|  |TAMS 0x0000000080f00000, 0x0000000080f00000| Untracked 
|  16|0x0000000081000000, 0x0000000081000000, 0x0000000081100000|  0%| F|  |TAMS 0x0000000081000000, 0x0000000081000000| Untracked 
|  17|0x0000000081100000, 0x0000000081100000, 0x0000000081200000|  0%| F|  |TAMS 0x0000000081100000, 0x0000000081100000| Untracked 
|  18|0x0000000081200000, 0x0000000081200000, 0x0000000081300000|  0%| F|  |TAMS 0x0000000081200000, 0x0000000081200000| Untracked 
|  19|0x0000000081300000, 0x0000000081300000, 0x0000000081400000|  0%| F|  |TAMS 0x0000000081300000, 0x0000000081300000| Untracked 
|  20|0x0000000081400000, 0x0000000081400000, 0x0000000081500000|  0%| F|  |TAMS 0x0000000081400000, 0x0000000081400000| Untracked 
|  21|0x0000000081500000, 0x0000000081500000, 0x0000000081600000|  0%| F|  |TAMS 0x0000000081500000, 0x0000000081500000| Untracked 
|  22|0x0000000081600000, 0x0000000081600000, 0x0000000081700000|  0%| F|  |TAMS 0x0000000081600000, 0x0000000081600000| Untracked 
|  23|0x0000000081700000, 0x0000000081700000, 0x0000000081800000|  0%| F|  |TAMS 0x0000000081700000, 0x0000000081700000| Untracked 
|  24|0x0000000081800000, 0x0000000081800000, 0x0000000081900000|  0%| F|  |TAMS 0x0000000081800000, 0x0000000081800000| Untracked 
|  25|0x0000000081900000, 0x0000000081900000, 0x0000000081a00000|  0%| F|  |TAMS 0x0000000081900000, 0x0000000081900000| Untracked 
|  26|0x0000000081a00000, 0x0000000081a00000, 0x0000000081b00000|  0%| F|  |TAMS 0x0000000081a00000, 0x0000000081a00000| Untracked 
|  27|0x0000000081b00000, 0x0000000081b00000, 0x0000000081c00000|  0%| F|  |TAMS 0x0000000081b00000, 0x0000000081b00000| Untracked 
|  28|0x0000000081c00000, 0x0000000081c00000, 0x0000000081d00000|  0%| F|  |TAMS 0x0000000081c00000, 0x0000000081c00000| Untracked 
|  29|0x0000000081d00000, 0x0000000081d00000, 0x0000000081e00000|  0%| F|  |TAMS 0x0000000081d00000, 0x0000000081d00000| Untracked 
|  30|0x0000000081e00000, 0x0000000081e00000, 0x0000000081f00000|  0%| F|  |TAMS 0x0000000081e00000, 0x0000000081e00000| Untracked 
|  31|0x0000000081f00000, 0x0000000081f00000, 0x0000000082000000|  0%| F|  |TAMS 0x0000000081f00000, 0x0000000081f00000| Untracked 
|  32|0x0000000082000000, 0x0000000082000000, 0x0000000082100000|  0%| F|  |TAMS 0x0000000082000000, 0x0000000082000000| Untracked 
|  33|0x0000000082100000, 0x0000000082100000, 0x0000000082200000|  0%| F|  |TAMS 0x0000000082100000, 0x0000000082100000| Untracked 
|  34|0x0000000082200000, 0x0000000082200000, 0x0000000082300000|  0%| F|  |TAMS 0x0000000082200000, 0x0000000082200000| Untracked 
|  35|0x0000000082300000, 0x0000000082300000, 0x0000000082400000|  0%| F|  |TAMS 0x0000000082300000, 0x0000000082300000| Untracked 
|  36|0x0000000082400000, 0x0000000082400000, 0x0000000082500000|  0%| F|  |TAMS 0x0000000082400000, 0x0000000082400000| Untracked 
|  37|0x0000000082500000, 0x0000000082500000, 0x0000000082600000|  0%| F|  |TAMS 0x0000000082500000, 0x0000000082500000| Untracked 
|  38|0x0000000082600000, 0x0000000082600000, 0x0000000082700000|  0%| F|  |TAMS 0x0000000082600000, 0x0000000082600000| Untracked 
|  39|0x0000000082700000, 0x0000000082700000, 0x0000000082800000|  0%| F|  |TAMS 0x0000000082700000, 0x0000000082700000| Untracked 
|  40|0x0000000082800000, 0x0000000082800000, 0x0000000082900000|  0%| F|  |TAMS 0x0000000082800000, 0x0000000082800000| Untracked 
|  41|0x0000000082900000, 0x0000000082900000, 0x0000000082a00000|  0%| F|  |TAMS 0x0000000082900000, 0x0000000082900000| Untracked 
|  42|0x0000000082a00000, 0x0000000082a00000, 0x0000000082b00000|  0%| F|  |TAMS 0x0000000082a00000, 0x0000000082a00000| Untracked 
|  43|0x0000000082b00000, 0x0000000082b00000, 0x0000000082c00000|  0%| F|  |TAMS 0x0000000082b00000, 0x0000000082b00000| Untracked 
|  44|0x0000000082c00000, 0x0000000082c00000, 0x0000000082d00000|  0%| F|  |TAMS 0x0000000082c00000, 0x0000000082c00000| Untracked 
|  45|0x0000000082d00000, 0x0000000082d00000, 0x0000000082e00000|  0%| F|  |TAMS 0x0000000082d00000, 0x0000000082d00000| Untracked 
|  46|0x0000000082e00000, 0x0000000082e00000, 0x0000000082f00000|  0%| F|  |TAMS 0x0000000082e00000, 0x0000000082e00000| Untracked 
|  47|0x0000000082f00000, 0x0000000082f00000, 0x0000000083000000|  0%| F|  |TAMS 0x0000000082f00000, 0x0000000082f00000| Untracked 
|  48|0x0000000083000000, 0x0000000083000000, 0x0000000083100000|  0%| F|  |TAMS 0x0000000083000000, 0x0000000083000000| Untracked 
|  49|0x0000000083100000, 0x0000000083100000, 0x0000000083200000|  0%| F|  |TAMS 0x0000000083100000, 0x0000000083100000| Untracked 
|  50|0x0000000083200000, 0x0000000083200000, 0x0000000083300000|  0%| F|  |TAMS 0x0000000083200000, 0x0000000083200000| Untracked 
|  51|0x0000000083300000, 0x0000000083300000, 0x0000000083400000|  0%| F|  |TAMS 0x0000000083300000, 0x0000000083300000| Untracked 
|  52|0x0000000083400000, 0x0000000083400000, 0x0000000083500000|  0%| F|  |TAMS 0x0000000083400000, 0x0000000083400000| Untracked 
|  53|0x0000000083500000, 0x0000000083500000, 0x0000000083600000|  0%| F|  |TAMS 0x0000000083500000, 0x0000000083500000| Untracked 
|  54|0x0000000083600000, 0x0000000083600000, 0x0000000083700000|  0%| F|  |TAMS 0x0000000083600000, 0x0000000083600000| Untracked 
|  55|0x0000000083700000, 0x0000000083700000, 0x0000000083800000|  0%| F|  |TAMS 0x0000000083700000, 0x0000000083700000| Untracked 
|  56|0x0000000083800000, 0x0000000083800000, 0x0000000083900000|  0%| F|  |TAMS 0x0000000083800000, 0x0000000083800000| Untracked 
|  57|0x0000000083900000, 0x0000000083900000, 0x0000000083a00000|  0%| F|  |TAMS 0x0000000083900000, 0x0000000083900000| Untracked 
|  58|0x0000000083a00000, 0x0000000083a00000, 0x0000000083b00000|  0%| F|  |TAMS 0x0000000083a00000, 0x0000000083a00000| Untracked 
|  59|0x0000000083b00000, 0x0000000083b00000, 0x0000000083c00000|  0%| F|  |TAMS 0x0000000083b00000, 0x0000000083b00000| Untracked 
|  60|0x0000000083c00000, 0x0000000083c00000, 0x0000000083d00000|  0%| F|  |TAMS 0x0000000083c00000, 0x0000000083c00000| Untracked 
|  61|0x0000000083d00000, 0x0000000083d00000, 0x0000000083e00000|  0%| F|  |TAMS 0x0000000083d00000, 0x0000000083d00000| Untracked 
|  62|0x0000000083e00000, 0x0000000083e00000, 0x0000000083f00000|  0%| F|  |TAMS 0x0000000083e00000, 0x0000000083e00000| Untracked 
|  63|0x0000000083f00000, 0x0000000083f00000, 0x0000000084000000|  0%| F|  |TAMS 0x0000000083f00000, 0x0000000083f00000| Untracked 
|  64|0x0000000084000000, 0x0000000084000000, 0x0000000084100000|  0%| F|  |TAMS 0x0000000084000000, 0x0000000084000000| Untracked 
|  65|0x0000000084100000, 0x0000000084100000, 0x0000000084200000|  0%| F|  |TAMS 0x0000000084100000, 0x0000000084100000| Untracked 
|  66|0x0000000084200000, 0x0000000084200000, 0x0000000084300000|  0%| F|  |TAMS 0x0000000084200000, 0x0000000084200000| Untracked 
|  67|0x0000000084300000, 0x0000000084300000, 0x0000000084400000|  0%| F|  |TAMS 0x0000000084300000, 0x0000000084300000| Untracked 
|  68|0x0000000084400000, 0x0000000084400000, 0x0000000084500000|  0%| F|  |TAMS 0x0000000084400000, 0x0000000084400000| Untracked 
|  69|0x0000000084500000, 0x0000000084500000, 0x0000000084600000|  0%| F|  |TAMS 0x0000000084500000, 0x0000000084500000| Untracked 
|  70|0x0000000084600000, 0x0000000084600000, 0x0000000084700000|  0%| F|  |TAMS 0x0000000084600000, 0x0000000084600000| Untracked 
|  71|0x0000000084700000, 0x0000000084700000, 0x0000000084800000|  0%| F|  |TAMS 0x0000000084700000, 0x0000000084700000| Untracked 
|  72|0x0000000084800000, 0x0000000084800000, 0x0000000084900000|  0%| F|  |TAMS 0x0000000084800000, 0x0000000084800000| Untracked 
|  73|0x0000000084900000, 0x0000000084900000, 0x0000000084a00000|  0%| F|  |TAMS 0x0000000084900000, 0x0000000084900000| Untracked 
|  74|0x0000000084a00000, 0x0000000084a00000, 0x0000000084b00000|  0%| F|  |TAMS 0x0000000084a00000, 0x0000000084a00000| Untracked 
|  75|0x0000000084b00000, 0x0000000084b00000, 0x0000000084c00000|  0%| F|  |TAMS 0x0000000084b00000, 0x0000000084b00000| Untracked 
|  76|0x0000000084c00000, 0x0000000084c00000, 0x0000000084d00000|  0%| F|  |TAMS 0x0000000084c00000, 0x0000000084c00000| Untracked 
|  77|0x0000000084d00000, 0x0000000084d00000, 0x0000000084e00000|  0%| F|  |TAMS 0x0000000084d00000, 0x0000000084d00000| Untracked 
|  78|0x0000000084e00000, 0x0000000084e00000, 0x0000000084f00000|  0%| F|  |TAMS 0x0000000084e00000, 0x0000000084e00000| Untracked 
|  79|0x0000000084f00000, 0x0000000084f00000, 0x0000000085000000|  0%| F|  |TAMS 0x0000000084f00000, 0x0000000084f00000| Untracked 
|  80|0x0000000085000000, 0x0000000085000000, 0x0000000085100000|  0%| F|  |TAMS 0x0000000085000000, 0x0000000085000000| Untracked 
|  81|0x0000000085100000, 0x0000000085100000, 0x0000000085200000|  0%| F|  |TAMS 0x0000000085100000, 0x0000000085100000| Untracked 
|  82|0x0000000085200000, 0x0000000085200000, 0x0000000085300000|  0%| F|  |TAMS 0x0000000085200000, 0x0000000085200000| Untracked 
|  83|0x0000000085300000, 0x0000000085300000, 0x0000000085400000|  0%| F|  |TAMS 0x0000000085300000, 0x0000000085300000| Untracked 
|  84|0x0000000085400000, 0x0000000085400000, 0x0000000085500000|  0%| F|  |TAMS 0x0000000085400000, 0x0000000085400000| Untracked 
|  85|0x0000000085500000, 0x0000000085500000, 0x0000000085600000|  0%| F|  |TAMS 0x0000000085500000, 0x0000000085500000| Untracked 
|  86|0x0000000085600000, 0x0000000085600000, 0x0000000085700000|  0%| F|  |TAMS 0x0000000085600000, 0x0000000085600000| Untracked 
|  87|0x0000000085700000, 0x0000000085700000, 0x0000000085800000|  0%| F|  |TAMS 0x0000000085700000, 0x0000000085700000| Untracked 
|  88|0x0000000085800000, 0x0000000085800000, 0x0000000085900000|  0%| F|  |TAMS 0x0000000085800000, 0x0000000085800000| Untracked 
|  89|0x0000000085900000, 0x0000000085900000, 0x0000000085a00000|  0%| F|  |TAMS 0x0000000085900000, 0x0000000085900000| Untracked 
|  90|0x0000000085a00000, 0x0000000085a00000, 0x0000000085b00000|  0%| F|  |TAMS 0x0000000085a00000, 0x0000000085a00000| Untracked 
|  91|0x0000000085b00000, 0x0000000085b00000, 0x0000000085c00000|  0%| F|  |TAMS 0x0000000085b00000, 0x0000000085b00000| Untracked 
|  92|0x0000000085c00000, 0x0000000085c00000, 0x0000000085d00000|  0%| F|  |TAMS 0x0000000085c00000, 0x0000000085c00000| Untracked 
|  93|0x0000000085d00000, 0x0000000085d00000, 0x0000000085e00000|  0%| F|  |TAMS 0x0000000085d00000, 0x0000000085d00000| Untracked 
|  94|0x0000000085e00000, 0x0000000085e00000, 0x0000000085f00000|  0%| F|  |TAMS 0x0000000085e00000, 0x0000000085e00000| Untracked 
|  95|0x0000000085f00000, 0x0000000085f00000, 0x0000000086000000|  0%| F|  |TAMS 0x0000000085f00000, 0x0000000085f00000| Untracked 
|  96|0x0000000086000000, 0x0000000086000000, 0x0000000086100000|  0%| F|  |TAMS 0x0000000086000000, 0x0000000086000000| Untracked 
|  97|0x0000000086100000, 0x0000000086100000, 0x0000000086200000|  0%| F|  |TAMS 0x0000000086100000, 0x0000000086100000| Untracked 
|  98|0x0000000086200000, 0x0000000086200000, 0x0000000086300000|  0%| F|  |TAMS 0x0000000086200000, 0x0000000086200000| Untracked 
|  99|0x0000000086300000, 0x0000000086300000, 0x0000000086400000|  0%| F|  |TAMS 0x0000000086300000, 0x0000000086300000| Untracked 
| 100|0x0000000086400000, 0x0000000086400000, 0x0000000086500000|  0%| F|  |TAMS 0x0000000086400000, 0x0000000086400000| Untracked 
| 101|0x0000000086500000, 0x0000000086500000, 0x0000000086600000|  0%| F|  |TAMS 0x0000000086500000, 0x0000000086500000| Untracked 
| 102|0x0000000086600000, 0x0000000086600000, 0x0000000086700000|  0%| F|  |TAMS 0x0000000086600000, 0x0000000086600000| Untracked 
| 103|0x0000000086700000, 0x0000000086700000, 0x0000000086800000|  0%| F|  |TAMS 0x0000000086700000, 0x0000000086700000| Untracked 
| 104|0x0000000086800000, 0x0000000086800000, 0x0000000086900000|  0%| F|  |TAMS 0x0000000086800000, 0x0000000086800000| Untracked 
| 105|0x0000000086900000, 0x0000000086900000, 0x0000000086a00000|  0%| F|  |TAMS 0x0000000086900000, 0x0000000086900000| Untracked 
| 106|0x0000000086a00000, 0x0000000086a00000, 0x0000000086b00000|  0%| F|  |TAMS 0x0000000086a00000, 0x0000000086a00000| Untracked 
| 107|0x0000000086b00000, 0x0000000086b00000, 0x0000000086c00000|  0%| F|  |TAMS 0x0000000086b00000, 0x0000000086b00000| Untracked 
| 108|0x0000000086c00000, 0x0000000086c00000, 0x0000000086d00000|  0%| F|  |TAMS 0x0000000086c00000, 0x0000000086c00000| Untracked 
| 109|0x0000000086d00000, 0x0000000086d00000, 0x0000000086e00000|  0%| F|  |TAMS 0x0000000086d00000, 0x0000000086d00000| Untracked 
| 110|0x0000000086e00000, 0x0000000086e00000, 0x0000000086f00000|  0%| F|  |TAMS 0x0000000086e00000, 0x0000000086e00000| Untracked 
| 111|0x0000000086f00000, 0x0000000086f00000, 0x0000000087000000|  0%| F|  |TAMS 0x0000000086f00000, 0x0000000086f00000| Untracked 
| 112|0x0000000087000000, 0x0000000087000000, 0x0000000087100000|  0%| F|  |TAMS 0x0000000087000000, 0x0000000087000000| Untracked 
| 113|0x0000000087100000, 0x0000000087100000, 0x0000000087200000|  0%| F|  |TAMS 0x0000000087100000, 0x0000000087100000| Untracked 
| 114|0x0000000087200000, 0x0000000087200000, 0x0000000087300000|  0%| F|  |TAMS 0x0000000087200000, 0x0000000087200000| Untracked 
| 115|0x0000000087300000, 0x0000000087300000, 0x0000000087400000|  0%| F|  |TAMS 0x0000000087300000, 0x0000000087300000| Untracked 
| 116|0x0000000087400000, 0x0000000087451040, 0x0000000087500000| 31%| S|CS|TAMS 0x0000000087400000, 0x0000000087400000| Complete 
| 117|0x0000000087500000, 0x0000000087600000, 0x0000000087600000|100%| S|CS|TAMS 0x0000000087500000, 0x0000000087500000| Complete 
| 118|0x0000000087600000, 0x0000000087700000, 0x0000000087700000|100%| S|CS|TAMS 0x0000000087600000, 0x0000000087600000| Complete 
| 119|0x0000000087700000, 0x0000000087800000, 0x0000000087800000|100%| S|CS|TAMS 0x0000000087700000, 0x0000000087700000| Complete 
| 120|0x0000000087800000, 0x0000000087900000, 0x0000000087900000|100%| S|CS|TAMS 0x0000000087800000, 0x0000000087800000| Complete 
| 121|0x0000000087900000, 0x0000000087a00000, 0x0000000087a00000|100%| S|CS|TAMS 0x0000000087900000, 0x0000000087900000| Complete 
| 122|0x0000000087a00000, 0x0000000087b00000, 0x0000000087b00000|100%| S|CS|TAMS 0x0000000087a00000, 0x0000000087a00000| Complete 
| 123|0x0000000087b00000, 0x0000000087c00000, 0x0000000087c00000|100%| S|CS|TAMS 0x0000000087b00000, 0x0000000087b00000| Complete 
| 124|0x0000000087c00000, 0x0000000087d00000, 0x0000000087d00000|100%| S|CS|TAMS 0x0000000087c00000, 0x0000000087c00000| Complete 
| 125|0x0000000087d00000, 0x0000000087e00000, 0x0000000087e00000|100%| S|CS|TAMS 0x0000000087d00000, 0x0000000087d00000| Complete 
| 126|0x0000000087e00000, 0x0000000087f00000, 0x0000000087f00000|100%| S|CS|TAMS 0x0000000087e00000, 0x0000000087e00000| Complete 
| 127|0x0000000087f00000, 0x0000000088000000, 0x0000000088000000|100%| S|CS|TAMS 0x0000000087f00000, 0x0000000087f00000| Complete 
| 128|0x0000000088000000, 0x0000000088000000, 0x0000000088100000|  0%| F|  |TAMS 0x0000000088000000, 0x0000000088000000| Untracked 
| 129|0x0000000088100000, 0x0000000088100000, 0x0000000088200000|  0%| F|  |TAMS 0x0000000088100000, 0x0000000088100000| Untracked 
| 130|0x0000000088200000, 0x0000000088200000, 0x0000000088300000|  0%| F|  |TAMS 0x0000000088200000, 0x0000000088200000| Untracked 
| 131|0x0000000088300000, 0x0000000088300000, 0x0000000088400000|  0%| F|  |TAMS 0x0000000088300000, 0x0000000088300000| Untracked 
| 132|0x0000000088400000, 0x0000000088400000, 0x0000000088500000|  0%| F|  |TAMS 0x0000000088400000, 0x0000000088400000| Untracked 
| 133|0x0000000088500000, 0x0000000088500000, 0x0000000088600000|  0%| F|  |TAMS 0x0000000088500000, 0x0000000088500000| Untracked 
| 134|0x0000000088600000, 0x0000000088600000, 0x0000000088700000|  0%| F|  |TAMS 0x0000000088600000, 0x0000000088600000| Untracked 
| 135|0x0000000088700000, 0x0000000088700000, 0x0000000088800000|  0%| F|  |TAMS 0x0000000088700000, 0x0000000088700000| Untracked 
| 136|0x0000000088800000, 0x0000000088800000, 0x0000000088900000|  0%| F|  |TAMS 0x0000000088800000, 0x0000000088800000| Untracked 
| 137|0x0000000088900000, 0x0000000088900000, 0x0000000088a00000|  0%| F|  |TAMS 0x0000000088900000, 0x0000000088900000| Untracked 
| 138|0x0000000088a00000, 0x0000000088a00000, 0x0000000088b00000|  0%| F|  |TAMS 0x0000000088a00000, 0x0000000088a00000| Untracked 
| 139|0x0000000088b00000, 0x0000000088b00000, 0x0000000088c00000|  0%| F|  |TAMS 0x0000000088b00000, 0x0000000088b00000| Untracked 
| 140|0x0000000088c00000, 0x0000000088c00000, 0x0000000088d00000|  0%| F|  |TAMS 0x0000000088c00000, 0x0000000088c00000| Untracked 
| 141|0x0000000088d00000, 0x0000000088d00000, 0x0000000088e00000|  0%| F|  |TAMS 0x0000000088d00000, 0x0000000088d00000| Untracked 
| 142|0x0000000088e00000, 0x0000000088e00000, 0x0000000088f00000|  0%| F|  |TAMS 0x0000000088e00000, 0x0000000088e00000| Untracked 
| 143|0x0000000088f00000, 0x0000000088f00000, 0x0000000089000000|  0%| F|  |TAMS 0x0000000088f00000, 0x0000000088f00000| Untracked 
| 144|0x0000000089000000, 0x0000000089000000, 0x0000000089100000|  0%| F|  |TAMS 0x0000000089000000, 0x0000000089000000| Untracked 
| 145|0x0000000089100000, 0x0000000089100000, 0x0000000089200000|  0%| F|  |TAMS 0x0000000089100000, 0x0000000089100000| Untracked 
| 146|0x0000000089200000, 0x0000000089200000, 0x0000000089300000|  0%| F|  |TAMS 0x0000000089200000, 0x0000000089200000| Untracked 
| 147|0x0000000089300000, 0x0000000089300000, 0x0000000089400000|  0%| F|  |TAMS 0x0000000089300000, 0x0000000089300000| Untracked 
| 148|0x0000000089400000, 0x0000000089400000, 0x0000000089500000|  0%| F|  |TAMS 0x0000000089400000, 0x0000000089400000| Untracked 
| 149|0x0000000089500000, 0x0000000089500000, 0x0000000089600000|  0%| F|  |TAMS 0x0000000089500000, 0x0000000089500000| Untracked 
| 150|0x0000000089600000, 0x0000000089600000, 0x0000000089700000|  0%| F|  |TAMS 0x0000000089600000, 0x0000000089600000| Untracked 
| 151|0x0000000089700000, 0x0000000089700000, 0x0000000089800000|  0%| F|  |TAMS 0x0000000089700000, 0x0000000089700000| Untracked 
| 152|0x0000000089800000, 0x0000000089800000, 0x0000000089900000|  0%| F|  |TAMS 0x0000000089800000, 0x0000000089800000| Untracked 
| 153|0x0000000089900000, 0x0000000089900000, 0x0000000089a00000|  0%| F|  |TAMS 0x0000000089900000, 0x0000000089900000| Untracked 
| 154|0x0000000089a00000, 0x0000000089a00000, 0x0000000089b00000|  0%| F|  |TAMS 0x0000000089a00000, 0x0000000089a00000| Untracked 
| 155|0x0000000089b00000, 0x0000000089b00000, 0x0000000089c00000|  0%| F|  |TAMS 0x0000000089b00000, 0x0000000089b00000| Untracked 
| 156|0x0000000089c00000, 0x0000000089c00000, 0x0000000089d00000|  0%| F|  |TAMS 0x0000000089c00000, 0x0000000089c00000| Untracked 
| 157|0x0000000089d00000, 0x0000000089d00000, 0x0000000089e00000|  0%| F|  |TAMS 0x0000000089d00000, 0x0000000089d00000| Untracked 
| 158|0x0000000089e00000, 0x0000000089e00000, 0x0000000089f00000|  0%| F|  |TAMS 0x0000000089e00000, 0x0000000089e00000| Untracked 
| 159|0x0000000089f00000, 0x0000000089f00000, 0x000000008a000000|  0%| F|  |TAMS 0x0000000089f00000, 0x0000000089f00000| Untracked 
| 160|0x000000008a000000, 0x000000008a000000, 0x000000008a100000|  0%| F|  |TAMS 0x000000008a000000, 0x000000008a000000| Untracked 
| 161|0x000000008a100000, 0x000000008a100000, 0x000000008a200000|  0%| F|  |TAMS 0x000000008a100000, 0x000000008a100000| Untracked 
| 162|0x000000008a200000, 0x000000008a200000, 0x000000008a300000|  0%| F|  |TAMS 0x000000008a200000, 0x000000008a200000| Untracked 
| 163|0x000000008a300000, 0x000000008a300000, 0x000000008a400000|  0%| F|  |TAMS 0x000000008a300000, 0x000000008a300000| Untracked 
| 164|0x000000008a400000, 0x000000008a400000, 0x000000008a500000|  0%| F|  |TAMS 0x000000008a400000, 0x000000008a400000| Untracked 
| 165|0x000000008a500000, 0x000000008a500000, 0x000000008a600000|  0%| F|  |TAMS 0x000000008a500000, 0x000000008a500000| Untracked 
| 166|0x000000008a600000, 0x000000008a600000, 0x000000008a700000|  0%| F|  |TAMS 0x000000008a600000, 0x000000008a600000| Untracked 
| 167|0x000000008a700000, 0x000000008a700000, 0x000000008a800000|  0%| F|  |TAMS 0x000000008a700000, 0x000000008a700000| Untracked 
| 168|0x000000008a800000, 0x000000008a800000, 0x000000008a900000|  0%| F|  |TAMS 0x000000008a800000, 0x000000008a800000| Untracked 
| 169|0x000000008a900000, 0x000000008a900000, 0x000000008aa00000|  0%| F|  |TAMS 0x000000008a900000, 0x000000008a900000| Untracked 
| 170|0x000000008aa00000, 0x000000008aa00000, 0x000000008ab00000|  0%| F|  |TAMS 0x000000008aa00000, 0x000000008aa00000| Untracked 
| 171|0x000000008ab00000, 0x000000008ab00000, 0x000000008ac00000|  0%| F|  |TAMS 0x000000008ab00000, 0x000000008ab00000| Untracked 
| 172|0x000000008ac00000, 0x000000008ac00000, 0x000000008ad00000|  0%| F|  |TAMS 0x000000008ac00000, 0x000000008ac00000| Untracked 
| 173|0x000000008ad00000, 0x000000008ad00000, 0x000000008ae00000|  0%| F|  |TAMS 0x000000008ad00000, 0x000000008ad00000| Untracked 
| 174|0x000000008ae00000, 0x000000008ae00000, 0x000000008af00000|  0%| F|  |TAMS 0x000000008ae00000, 0x000000008ae00000| Untracked 
| 175|0x000000008af00000, 0x000000008af00000, 0x000000008b000000|  0%| F|  |TAMS 0x000000008af00000, 0x000000008af00000| Untracked 
| 176|0x000000008b000000, 0x000000008b000000, 0x000000008b100000|  0%| F|  |TAMS 0x000000008b000000, 0x000000008b000000| Untracked 
| 177|0x000000008b100000, 0x000000008b100000, 0x000000008b200000|  0%| F|  |TAMS 0x000000008b100000, 0x000000008b100000| Untracked 
| 178|0x000000008b200000, 0x000000008b200000, 0x000000008b300000|  0%| F|  |TAMS 0x000000008b200000, 0x000000008b200000| Untracked 
| 179|0x000000008b300000, 0x000000008b300000, 0x000000008b400000|  0%| F|  |TAMS 0x000000008b300000, 0x000000008b300000| Untracked 
| 180|0x000000008b400000, 0x000000008b400000, 0x000000008b500000|  0%| F|  |TAMS 0x000000008b400000, 0x000000008b400000| Untracked 
| 181|0x000000008b500000, 0x000000008b500000, 0x000000008b600000|  0%| F|  |TAMS 0x000000008b500000, 0x000000008b500000| Untracked 
| 182|0x000000008b600000, 0x000000008b600000, 0x000000008b700000|  0%| F|  |TAMS 0x000000008b600000, 0x000000008b600000| Untracked 
| 183|0x000000008b700000, 0x000000008b700000, 0x000000008b800000|  0%| F|  |TAMS 0x000000008b700000, 0x000000008b700000| Untracked 
| 184|0x000000008b800000, 0x000000008b800000, 0x000000008b900000|  0%| F|  |TAMS 0x000000008b800000, 0x000000008b800000| Untracked 
| 185|0x000000008b900000, 0x000000008b900000, 0x000000008ba00000|  0%| F|  |TAMS 0x000000008b900000, 0x000000008b900000| Untracked 
| 186|0x000000008ba00000, 0x000000008ba00000, 0x000000008bb00000|  0%| F|  |TAMS 0x000000008ba00000, 0x000000008ba00000| Untracked 
| 187|0x000000008bb00000, 0x000000008bb00000, 0x000000008bc00000|  0%| F|  |TAMS 0x000000008bb00000, 0x000000008bb00000| Untracked 
| 188|0x000000008bc00000, 0x000000008bc00000, 0x000000008bd00000|  0%| F|  |TAMS 0x000000008bc00000, 0x000000008bc00000| Untracked 
| 189|0x000000008bd00000, 0x000000008bd00000, 0x000000008be00000|  0%| F|  |TAMS 0x000000008bd00000, 0x000000008bd00000| Untracked 
| 190|0x000000008be00000, 0x000000008be00000, 0x000000008bf00000|  0%| F|  |TAMS 0x000000008be00000, 0x000000008be00000| Untracked 
| 191|0x000000008bf00000, 0x000000008bf00000, 0x000000008c000000|  0%| F|  |TAMS 0x000000008bf00000, 0x000000008bf00000| Untracked 
| 192|0x000000008c000000, 0x000000008c000000, 0x000000008c100000|  0%| F|  |TAMS 0x000000008c000000, 0x000000008c000000| Untracked 
| 193|0x000000008c100000, 0x000000008c100000, 0x000000008c200000|  0%| F|  |TAMS 0x000000008c100000, 0x000000008c100000| Untracked 
| 194|0x000000008c200000, 0x000000008c200000, 0x000000008c300000|  0%| F|  |TAMS 0x000000008c200000, 0x000000008c200000| Untracked 
| 195|0x000000008c300000, 0x000000008c300000, 0x000000008c400000|  0%| F|  |TAMS 0x000000008c300000, 0x000000008c300000| Untracked 
| 196|0x000000008c400000, 0x000000008c400000, 0x000000008c500000|  0%| F|  |TAMS 0x000000008c400000, 0x000000008c400000| Untracked 
| 197|0x000000008c500000, 0x000000008c500000, 0x000000008c600000|  0%| F|  |TAMS 0x000000008c500000, 0x000000008c500000| Untracked 
| 198|0x000000008c600000, 0x000000008c600000, 0x000000008c700000|  0%| F|  |TAMS 0x000000008c600000, 0x000000008c600000| Untracked 
| 199|0x000000008c700000, 0x000000008c700000, 0x000000008c800000|  0%| F|  |TAMS 0x000000008c700000, 0x000000008c700000| Untracked 
| 200|0x000000008c800000, 0x000000008c800000, 0x000000008c900000|  0%| F|  |TAMS 0x000000008c800000, 0x000000008c800000| Untracked 
| 201|0x000000008c900000, 0x000000008c900000, 0x000000008ca00000|  0%| F|  |TAMS 0x000000008c900000, 0x000000008c900000| Untracked 
| 202|0x000000008ca00000, 0x000000008ca00000, 0x000000008cb00000|  0%| F|  |TAMS 0x000000008ca00000, 0x000000008ca00000| Untracked 
| 203|0x000000008cb00000, 0x000000008cb00000, 0x000000008cc00000|  0%| F|  |TAMS 0x000000008cb00000, 0x000000008cb00000| Untracked 
| 204|0x000000008cc00000, 0x000000008cc00000, 0x000000008cd00000|  0%| F|  |TAMS 0x000000008cc00000, 0x000000008cc00000| Untracked 
| 205|0x000000008cd00000, 0x000000008cd00000, 0x000000008ce00000|  0%| F|  |TAMS 0x000000008cd00000, 0x000000008cd00000| Untracked 
| 206|0x000000008ce00000, 0x000000008ce00000, 0x000000008cf00000|  0%| F|  |TAMS 0x000000008ce00000, 0x000000008ce00000| Untracked 
| 207|0x000000008cf00000, 0x000000008cf00000, 0x000000008d000000|  0%| F|  |TAMS 0x000000008cf00000, 0x000000008cf00000| Untracked 
| 208|0x000000008d000000, 0x000000008d000000, 0x000000008d100000|  0%| F|  |TAMS 0x000000008d000000, 0x000000008d000000| Untracked 
| 209|0x000000008d100000, 0x000000008d100000, 0x000000008d200000|  0%| F|  |TAMS 0x000000008d100000, 0x000000008d100000| Untracked 
| 210|0x000000008d200000, 0x000000008d200000, 0x000000008d300000|  0%| F|  |TAMS 0x000000008d200000, 0x000000008d200000| Untracked 
| 211|0x000000008d300000, 0x000000008d300000, 0x000000008d400000|  0%| F|  |TAMS 0x000000008d300000, 0x000000008d300000| Untracked 
| 212|0x000000008d400000, 0x000000008d400000, 0x000000008d500000|  0%| F|  |TAMS 0x000000008d400000, 0x000000008d400000| Untracked 
| 213|0x000000008d500000, 0x000000008d500000, 0x000000008d600000|  0%| F|  |TAMS 0x000000008d500000, 0x000000008d500000| Untracked 
| 214|0x000000008d600000, 0x000000008d600000, 0x000000008d700000|  0%| F|  |TAMS 0x000000008d600000, 0x000000008d600000| Untracked 
| 215|0x000000008d700000, 0x000000008d700000, 0x000000008d800000|  0%| F|  |TAMS 0x000000008d700000, 0x000000008d700000| Untracked 
| 216|0x000000008d800000, 0x000000008d800000, 0x000000008d900000|  0%| F|  |TAMS 0x000000008d800000, 0x000000008d800000| Untracked 
| 217|0x000000008d900000, 0x000000008d900000, 0x000000008da00000|  0%| F|  |TAMS 0x000000008d900000, 0x000000008d900000| Untracked 
| 218|0x000000008da00000, 0x000000008da00000, 0x000000008db00000|  0%| F|  |TAMS 0x000000008da00000, 0x000000008da00000| Untracked 
| 219|0x000000008db00000, 0x000000008db00000, 0x000000008dc00000|  0%| F|  |TAMS 0x000000008db00000, 0x000000008db00000| Untracked 
| 220|0x000000008dc00000, 0x000000008dc00000, 0x000000008dd00000|  0%| F|  |TAMS 0x000000008dc00000, 0x000000008dc00000| Untracked 
| 221|0x000000008dd00000, 0x000000008dd00000, 0x000000008de00000|  0%| F|  |TAMS 0x000000008dd00000, 0x000000008dd00000| Untracked 
| 222|0x000000008de00000, 0x000000008de00000, 0x000000008df00000|  0%| F|  |TAMS 0x000000008de00000, 0x000000008de00000| Untracked 
| 223|0x000000008df00000, 0x000000008df00000, 0x000000008e000000|  0%| F|  |TAMS 0x000000008df00000, 0x000000008df00000| Untracked 
| 224|0x000000008e000000, 0x000000008e000000, 0x000000008e100000|  0%| F|  |TAMS 0x000000008e000000, 0x000000008e000000| Untracked 
| 225|0x000000008e100000, 0x000000008e100000, 0x000000008e200000|  0%| F|  |TAMS 0x000000008e100000, 0x000000008e100000| Untracked 
| 226|0x000000008e200000, 0x000000008e200000, 0x000000008e300000|  0%| F|  |TAMS 0x000000008e200000, 0x000000008e200000| Untracked 
| 227|0x000000008e300000, 0x000000008e300000, 0x000000008e400000|  0%| F|  |TAMS 0x000000008e300000, 0x000000008e300000| Untracked 
| 228|0x000000008e400000, 0x000000008e400000, 0x000000008e500000|  0%| F|  |TAMS 0x000000008e400000, 0x000000008e400000| Untracked 
| 229|0x000000008e500000, 0x000000008e500000, 0x000000008e600000|  0%| F|  |TAMS 0x000000008e500000, 0x000000008e500000| Untracked 
| 230|0x000000008e600000, 0x000000008e600000, 0x000000008e700000|  0%| F|  |TAMS 0x000000008e600000, 0x000000008e600000| Untracked 
| 231|0x000000008e700000, 0x000000008e700000, 0x000000008e800000|  0%| F|  |TAMS 0x000000008e700000, 0x000000008e700000| Untracked 
| 232|0x000000008e800000, 0x000000008e800000, 0x000000008e900000|  0%| F|  |TAMS 0x000000008e800000, 0x000000008e800000| Untracked 
| 233|0x000000008e900000, 0x000000008e900000, 0x000000008ea00000|  0%| F|  |TAMS 0x000000008e900000, 0x000000008e900000| Untracked 
| 234|0x000000008ea00000, 0x000000008ea00000, 0x000000008eb00000|  0%| F|  |TAMS 0x000000008ea00000, 0x000000008ea00000| Untracked 
| 235|0x000000008eb00000, 0x000000008eb00000, 0x000000008ec00000|  0%| F|  |TAMS 0x000000008eb00000, 0x000000008eb00000| Untracked 
| 236|0x000000008ec00000, 0x000000008ed00000, 0x000000008ed00000|100%| E|  |TAMS 0x000000008ec00000, 0x000000008ec00000| Complete 
| 237|0x000000008ed00000, 0x000000008ee00000, 0x000000008ee00000|100%| E|CS|TAMS 0x000000008ed00000, 0x000000008ed00000| Complete 
| 238|0x000000008ee00000, 0x000000008ef00000, 0x000000008ef00000|100%| E|CS|TAMS 0x000000008ee00000, 0x000000008ee00000| Complete 
| 239|0x000000008ef00000, 0x000000008f000000, 0x000000008f000000|100%| E|CS|TAMS 0x000000008ef00000, 0x000000008ef00000| Complete 
| 240|0x000000008f000000, 0x000000008f100000, 0x000000008f100000|100%| E|CS|TAMS 0x000000008f000000, 0x000000008f000000| Complete 
| 241|0x000000008f100000, 0x000000008f200000, 0x000000008f200000|100%| E|CS|TAMS 0x000000008f100000, 0x000000008f100000| Complete 
| 242|0x000000008f200000, 0x000000008f300000, 0x000000008f300000|100%| E|CS|TAMS 0x000000008f200000, 0x000000008f200000| Complete 
| 243|0x000000008f300000, 0x000000008f400000, 0x000000008f400000|100%| E|CS|TAMS 0x000000008f300000, 0x000000008f300000| Complete 
| 244|0x000000008f400000, 0x000000008f500000, 0x000000008f500000|100%| E|CS|TAMS 0x000000008f400000, 0x000000008f400000| Complete 
| 245|0x000000008f500000, 0x000000008f600000, 0x000000008f600000|100%| E|CS|TAMS 0x000000008f500000, 0x000000008f500000| Complete 

Card table byte_map: [0x000001c47bff0000,0x000001c47c3f0000] _byte_map_base: 0x000001c47bbf0000

Marking Bits (Prev, Next): (CMBitMap*) 0x000001c46489d550, (CMBitMap*) 0x000001c46489d590
 Prev Bits: [0x000001c47c7f0000, 0x000001c47e7f0000)
 Next Bits: [0x000001c400000000, 0x000001c402000000)

Polling page: 0x000001c462650000

Metaspace:

Usage:
  Non-class:     17.65 MB used.
      Class:      3.02 MB used.
       Both:     20.67 MB used.

Virtual space:
  Non-class space:       64.00 MB reserved,      17.81 MB ( 28%) committed,  1 nodes.
      Class space:      416.00 MB reserved,       3.19 MB ( <1%) committed,  1 nodes.
             Both:      480.00 MB reserved,      21.00 MB (  4%) committed. 

Chunk freelists:
   Non-Class:  14.20 MB
       Class:  12.83 MB
        Both:  27.03 MB

MaxMetaspaceSize: 512.00 MB
CompressedClassSpaceSize: 416.00 MB
Initial GC threshold: 21.00 MB
Current GC threshold: 21.00 MB
CDS: on
MetaspaceReclaimPolicy: balanced
 - commit_granule_bytes: 65536.
 - commit_granule_words: 8192.
 - virtual_space_node_default_size: 8388608.
 - enlarge_chunks_in_place: 1.
 - new_chunks_are_fully_committed: 0.
 - uncommit_free_chunks: 1.
 - use_allocation_guard: 0.
 - handle_deallocations: 1.


Internal statistics:

num_allocs_failed_limit: 0.
num_arena_births: 242.
num_arena_deaths: 0.
num_vsnodes_births: 2.
num_vsnodes_deaths: 0.
num_space_committed: 336.
num_space_uncommitted: 0.
num_chunks_returned_to_freelist: 0.
num_chunks_taken_from_freelist: 1016.
num_chunk_merges: 0.
num_chunk_splits: 656.
num_chunks_enlarged: 474.
num_inconsistent_stats: 0.

CodeHeap 'non-profiled nmethods': size=119168Kb used=1311Kb max_used=1311Kb free=117856Kb
 bounds [0x000001c473f00000, 0x000001c474170000, 0x000001c47b360000]
CodeHeap 'profiled nmethods': size=119104Kb used=6224Kb max_used=6224Kb free=112879Kb
 bounds [0x000001c46c360000, 0x000001c46c980000, 0x000001c4737b0000]
CodeHeap 'non-nmethods': size=7488Kb used=1801Kb max_used=1844Kb free=5686Kb
 bounds [0x000001c4737b0000, 0x000001c473a20000, 0x000001c473f00000]
 total_blobs=3407 nmethods=2861 adapters=457
 compilation: enabled
              stopped_count=0, restarted_count=0
 full_count=0

Compilation events (20 events):
Event: 5.883 Thread 0x000001c47f9baa50 2834  s    3       java.io.ByteArrayOutputStream::write (32 bytes)
Event: 5.883 Thread 0x000001c47f9baa50 nmethod 2834 0x000001c46c951b10 code [0x000001c46c951cc0, 0x000001c46c951f08]
Event: 5.922 Thread 0x000001c47f9baa50 2837       3       jdk.internal.misc.VM::initLevel (4 bytes)
Event: 5.922 Thread 0x000001c47f9baa50 nmethod 2837 0x000001c46c952010 code [0x000001c46c9521a0, 0x000001c46c952298]
Event: 5.935 Thread 0x000001c47f9baa50 2838       1       java.lang.reflect.Field::getDeclaringClass (5 bytes)
Event: 5.935 Thread 0x000001c47f9baa50 nmethod 2838 0x000001c474047410 code [0x000001c4740475a0, 0x000001c474047678]
Event: 5.945 Thread 0x000001c47f832a80 2840       3       com.google.common.base.CharMatcher$IsEither::matches (22 bytes)
Event: 5.946 Thread 0x000001c47f832a80 nmethod 2840 0x000001c46c952310 code [0x000001c46c9524a0, 0x000001c46c952658]
Event: 5.948 Thread 0x000001c47f832a80 2841       3       java.util.Collections$UnmodifiableCollection::size (10 bytes)
Event: 5.948 Thread 0x000001c47f9baa50 2842       3       com.google.common.cache.LocalCache::evictsBySize (15 bytes)
Event: 5.948 Thread 0x000001c47f832a80 nmethod 2841 0x000001c46c952710 code [0x000001c46c9528c0, 0x000001c46c952a88]
Event: 5.948 Thread 0x000001c47f9baa50 nmethod 2842 0x000001c46c952b90 code [0x000001c46c952d20, 0x000001c46c952e98]
Event: 5.952 Thread 0x000001c47f9baa50 2843       3       com.google.common.collect.ImmutableSet$RegularSetBuilderImpl::add (68 bytes)
Event: 5.952 Thread 0x000001c47f832a80 2844       3       com.google.common.collect.ImmutableSet$SetBuilderImpl::addDedupedElement (28 bytes)
Event: 5.952 Thread 0x000001c47f832a80 nmethod 2844 0x000001c46c952f10 code [0x000001c46c9530e0, 0x000001c46c9535d8]
Event: 5.952 Thread 0x000001c47f9baa50 nmethod 2843 0x000001c46c953810 code [0x000001c46c953a20, 0x000001c46c953f38]
Event: 5.952 Thread 0x000001c47f832a80 2845       3       com.google.common.collect.ImmutableSet$SetBuilderImpl::ensureCapacity (32 bytes)
Event: 5.953 Thread 0x000001c47f832a80 nmethod 2845 0x000001c46c954190 code [0x000001c46c954360, 0x000001c46c954618]
Event: 5.967 Thread 0x000001c47f832a80 2846       3       java.util.concurrent.locks.AbstractQueuedSynchronizer$ConditionObject::canReacquire (38 bytes)
Event: 5.968 Thread 0x000001c47f832a80 nmethod 2846 0x000001c46c954790 code [0x000001c46c954940, 0x000001c46c954cd8]

GC Heap History (6 events):
Event: 1.158 GC heap before
{Heap before GC invocations=0 (full 0):
 garbage-first heap   total 251904K, used 26624K [0x0000000080000000, 0x0000000100000000)
  region size 1024K, 23 young (23552K), 0 survivors (0K)
 Metaspace       used 2070K, committed 2240K, reserved 491520K
  class space    used 216K, committed 320K, reserved 425984K
}
Event: 1.162 GC heap after
{Heap after GC invocations=1 (full 0):
 garbage-first heap   total 251904K, used 10427K [0x0000000080000000, 0x0000000100000000)
  region size 1024K, 3 young (3072K), 3 survivors (3072K)
 Metaspace       used 2070K, committed 2240K, reserved 491520K
  class space    used 216K, committed 320K, reserved 425984K
}
Event: 2.228 GC heap before
{Heap before GC invocations=1 (full 0):
 garbage-first heap   total 251904K, used 38075K [0x0000000080000000, 0x0000000100000000)
  region size 1024K, 30 young (30720K), 3 survivors (3072K)
 Metaspace       used 4099K, committed 4288K, reserved 491520K
  class space    used 503K, committed 640K, reserved 425984K
}
Event: 2.233 GC heap after
{Heap after GC invocations=2 (full 0):
 garbage-first heap   total 251904K, used 11738K [0x0000000080000000, 0x0000000100000000)
  region size 1024K, 2 young (2048K), 2 survivors (2048K)
 Metaspace       used 4099K, committed 4288K, reserved 491520K
  class space    used 503K, committed 640K, reserved 425984K
}
Event: 5.765 GC heap before
{Heap before GC invocations=2 (full 0):
 garbage-first heap   total 251904K, used 132570K [0x0000000080000000, 0x0000000100000000)
  region size 1024K, 118 young (120832K), 2 survivors (2048K)
 Metaspace       used 19865K, committed 20160K, reserved 491520K
  class space    used 2868K, committed 3008K, reserved 425984K
}
Event: 5.773 GC heap after
{Heap after GC invocations=3 (full 0):
 garbage-first heap   total 251904K, used 23064K [0x0000000080000000, 0x0000000100000000)
  region size 1024K, 12 young (12288K), 12 survivors (12288K)
 Metaspace       used 19865K, committed 20160K, reserved 491520K
  class space    used 2868K, committed 3008K, reserved 425984K
}

Dll operation events (15 events):
Event: 0.017 Loaded shared library C:\Program Files\Microsoft\jdk-17.0.12.7-hotspot\bin\java.dll
Event: 0.071 Loaded shared library C:\Program Files\Microsoft\jdk-17.0.12.7-hotspot\bin\jsvml.dll
Event: 0.183 Loaded shared library C:\Program Files\Microsoft\jdk-17.0.12.7-hotspot\bin\zip.dll
Event: 0.193 Loaded shared library C:\Program Files\Microsoft\jdk-17.0.12.7-hotspot\bin\instrument.dll
Event: 0.203 Loaded shared library C:\Program Files\Microsoft\jdk-17.0.12.7-hotspot\bin\net.dll
Event: 0.208 Loaded shared library C:\Program Files\Microsoft\jdk-17.0.12.7-hotspot\bin\nio.dll
Event: 0.217 Loaded shared library C:\Program Files\Microsoft\jdk-17.0.12.7-hotspot\bin\zip.dll
Event: 0.807 Loaded shared library C:\Program Files\Microsoft\jdk-17.0.12.7-hotspot\bin\jimage.dll
Event: 0.981 Loaded shared library C:\Program Files\Microsoft\jdk-17.0.12.7-hotspot\bin\verify.dll
Event: 1.198 Loaded shared library C:\Users\prave\.gradle\native\c067742578af261105cb4f569cf0c3c89f3d7b1fecec35dd04571415982c5e48\windows-amd64\native-platform.dll
Event: 1.209 Loaded shared library C:\Users\prave\.gradle\native\100fb08df4bc3b14c8652ba06237920a3bd2aa13389f12d3474272988ae205f9\windows-amd64\native-platform-file-events.dll
Event: 3.172 Loaded shared library C:\Program Files\Microsoft\jdk-17.0.12.7-hotspot\bin\management.dll
Event: 3.177 Loaded shared library C:\Program Files\Microsoft\jdk-17.0.12.7-hotspot\bin\management_ext.dll
Event: 3.525 Loaded shared library C:\Program Files\Microsoft\jdk-17.0.12.7-hotspot\bin\extnet.dll
Event: 4.034 Loaded shared library C:\Program Files\Microsoft\jdk-17.0.12.7-hotspot\bin\sunmscapi.dll

Deoptimization events (20 events):
Event: 4.864 Thread 0x000001c424bc7a20 Uncommon trap: trap_request=0xffffff45 fr.pc=0x000001c473f7ed1c relative=0x00000000000005dc
Event: 4.864 Thread 0x000001c424bc7a20 Uncommon trap: reason=unstable_if action=reinterpret pc=0x000001c473f7ed1c method=java.io.File.getName()Ljava/lang/String; @ 16 c2
Event: 4.864 Thread 0x000001c424bc7a20 DEOPT PACKING pc=0x000001c473f7ed1c sp=0x00000045138fb540
Event: 4.864 Thread 0x000001c424bc7a20 DEOPT UNPACKING pc=0x000001c4738069a3 sp=0x00000045138fb510 mode 2
Event: 4.972 Thread 0x000001c424bc7a20 Uncommon trap: trap_request=0xffffff45 fr.pc=0x000001c473fcaf3c relative=0x000000000000071c
Event: 4.972 Thread 0x000001c424bc7a20 Uncommon trap: reason=unstable_if action=reinterpret pc=0x000001c473fcaf3c method=java.util.ArrayList.grow(I)[Ljava/lang/Object; @ 17 c2
Event: 4.972 Thread 0x000001c424bc7a20 DEOPT PACKING pc=0x000001c473fcaf3c sp=0x00000045138fcef0
Event: 4.972 Thread 0x000001c424bc7a20 DEOPT UNPACKING pc=0x000001c4738069a3 sp=0x00000045138fcd88 mode 2
Event: 5.183 Thread 0x000001c424bc7a20 DEOPT PACKING pc=0x000001c46c75d6c9 sp=0x00000045138f9c70
Event: 5.183 Thread 0x000001c424bc7a20 DEOPT UNPACKING pc=0x000001c473807143 sp=0x00000045138f9180 mode 0
Event: 5.226 Thread 0x000001c424bc7a20 DEOPT PACKING pc=0x000001c46c75d6ea sp=0x00000045138fae80
Event: 5.226 Thread 0x000001c424bc7a20 DEOPT UNPACKING pc=0x000001c473807143 sp=0x00000045138fa390 mode 0
Event: 5.242 Thread 0x000001c424bc7a20 DEOPT PACKING pc=0x000001c46c75d6ea sp=0x00000045138fbc70
Event: 5.242 Thread 0x000001c424bc7a20 DEOPT UNPACKING pc=0x000001c473807143 sp=0x00000045138fb180 mode 0
Event: 5.834 Thread 0x000001c424bc7a20 DEOPT PACKING pc=0x000001c46c75965c sp=0x00000045138f4900
Event: 5.834 Thread 0x000001c424bc7a20 DEOPT UNPACKING pc=0x000001c473807143 sp=0x00000045138f3e80 mode 0
Event: 5.941 Thread 0x000001c424bc7a20 Uncommon trap: trap_request=0xffffff76 fr.pc=0x000001c47404428c relative=0x000000000000016c
Event: 5.941 Thread 0x000001c424bc7a20 Uncommon trap: reason=predicate action=maybe_recompile pc=0x000001c47404428c method=com.google.common.base.CharMatcher.indexIn(Ljava/lang/CharSequence;I)I @ 19 c2
Event: 5.941 Thread 0x000001c424bc7a20 DEOPT PACKING pc=0x000001c47404428c sp=0x00000045138fa2b0
Event: 5.941 Thread 0x000001c424bc7a20 DEOPT UNPACKING pc=0x000001c4738069a3 sp=0x00000045138fa240 mode 2

Classes loaded (20 events):
Event: 5.216 Loading class java/io/ObjectOutput done
Event: 5.216 Loading class java/io/ObjectOutputStream done
Event: 5.452 Loading class javax/xml/parsers/ParserConfigurationException
Event: 5.452 Loading class javax/xml/parsers/ParserConfigurationException done
Event: 5.452 Loading class org/xml/sax/SAXException
Event: 5.452 Loading class org/xml/sax/SAXException done
Event: 5.452 Loading class javax/xml/xpath/XPathExpressionException
Event: 5.452 Loading class javax/xml/xpath/XPathException
Event: 5.453 Loading class javax/xml/xpath/XPathException done
Event: 5.453 Loading class javax/xml/xpath/XPathExpressionException done
Event: 5.453 Loading class org/xml/sax/ErrorHandler
Event: 5.453 Loading class org/xml/sax/ErrorHandler done
Event: 5.914 Loading class java/util/function/UnaryOperator
Event: 5.914 Loading class java/util/function/UnaryOperator done
Event: 5.932 Loading class java/util/concurrent/TimeoutException
Event: 5.932 Loading class java/util/concurrent/TimeoutException done
Event: 5.932 Loading class java/util/concurrent/CancellationException
Event: 5.933 Loading class java/util/concurrent/CancellationException done
Event: 5.969 Loading class java/util/concurrent/locks/AbstractQueuedSynchronizer$SharedNode
Event: 5.969 Loading class java/util/concurrent/locks/AbstractQueuedSynchronizer$SharedNode done

Classes unloaded (0 events):
No events

Classes redefined (0 events):
No events

Internal exceptions (20 events):
Event: 4.751 Thread 0x000001c424bc7a20 Exception <a 'java/lang/NoSuchMethodError'{0x000000008aeb9960}: 'void java.lang.invoke.DirectMethodHandle$Holder.invokeStaticInit(java.lang.Object)'> (0x000000008aeb9960) 
thrown [s\src\hotspot\share\interpreter\linkResolver.cpp, line 759]
Event: 4.768 Thread 0x000001c424bc7a20 Exception <a 'java/lang/NoSuchMethodError'{0x000000008ad6b7d0}: 'java.lang.Object java.lang.invoke.DirectMethodHandle$Holder.newInvokeSpecial(java.lang.Object, java.lang.Object, java.lang.Object, int)'> (0x000000008ad6b7d0) 
thrown [s\src\hotspot\share\interpreter\linkResolver.cpp, line 759]
Event: 4.769 Thread 0x000001c424bc7a20 Exception <a 'java/lang/NoSuchMethodError'{0x000000008ad70100}: 'java.lang.Object java.lang.invoke.DirectMethodHandle$Holder.invokeSpecial(java.lang.Object, java.lang.Object, java.lang.Object, java.lang.Object, int)'> (0x000000008ad70100) 
thrown [s\src\hotspot\share\interpreter\linkResolver.cpp, line 759]
Event: 4.770 Thread 0x000001c424bc7a20 Exception <a 'java/lang/NoSuchMethodError'{0x000000008ad74218}: 'java.lang.Object java.lang.invoke.Invokers$Holder.linkToTargetMethod(java.lang.Object, java.lang.Object, int, java.lang.Object)'> (0x000000008ad74218) 
thrown [s\src\hotspot\share\interpreter\linkResolver.cpp, line 759]
Event: 4.889 Thread 0x000001c424bc7a20 Exception <a 'java/lang/NoSuchMethodError'{0x000000008a731e28}: 'int java.lang.invoke.DirectMethodHandle$Holder.invokeVirtual(java.lang.Object, java.lang.Object, java.lang.Object)'> (0x000000008a731e28) 
thrown [s\src\hotspot\share\interpreter\linkResolver.cpp, line 759]
Event: 4.912 Thread 0x000001c424bc7a20 Exception <a 'java/lang/NoSuchMethodError'{0x000000008a63b3a8}: 'int java.lang.invoke.DirectMethodHandle$Holder.invokeSpecialIFC(java.lang.Object, java.lang.Object, java.lang.Object, java.lang.Object)'> (0x000000008a63b3a8) 
thrown [s\src\hotspot\share\interpreter\linkResolver.cpp, line 759]
Event: 4.914 Thread 0x000001c424bc7a20 Exception <a 'java/lang/NoSuchMethodError'{0x000000008a64a1e8}: 'java.lang.Object java.lang.invoke.DirectMethodHandle$Holder.invokeInterface(java.lang.Object, java.lang.Object, java.lang.Object)'> (0x000000008a64a1e8) 
thrown [s\src\hotspot\share\interpreter\linkResolver.cpp, line 759]
Event: 4.914 Thread 0x000001c424bc7a20 Exception <a 'java/lang/IncompatibleClassChangeError'{0x000000008a64de00}: Found class java.lang.Object, but interface was expected> (0x000000008a64de00) 
thrown [s\src\hotspot\share\interpreter\linkResolver.cpp, line 826]
Event: 4.947 Thread 0x000001c424bc7a20 Exception <a 'java/lang/NoSuchMethodError'{0x000000008a439558}: 'int java.lang.invoke.DirectMethodHandle$Holder.invokeStatic(java.lang.Object, java.lang.Object, java.lang.Object, java.lang.Object)'> (0x000000008a439558) 
thrown [s\src\hotspot\share\interpreter\linkResolver.cpp, line 759]
Event: 4.948 Thread 0x000001c424bc7a20 Exception <a 'java/lang/NoSuchMethodError'{0x000000008a43d180}: 'java.lang.Object java.lang.invoke.Invokers$Holder.invokeExact_MT(java.lang.Object, java.lang.Object, java.lang.Object, java.lang.Object, java.lang.Object, java.lang.Object)'> (0x000000008a43d180) 
thrown [s\src\hotspot\share\interpreter\linkResolver.cpp, line 759]
Event: 5.470 Thread 0x000001c424bc7a20 Exception <a 'java/lang/NoSuchMethodError'{0x0000000088ee9618}: 'java.lang.Object java.lang.invoke.DirectMethodHandle$Holder.invokeVirtual(java.lang.Object, java.lang.Object, java.lang.Object, java.lang.Object)'> (0x0000000088ee9618) 
thrown [s\src\hotspot\share\interpreter\linkResolver.cpp, line 759]
Event: 5.505 Thread 0x000001c424bc7a20 Exception <a 'java/lang/NoSuchMethodError'{0x0000000088c45058}: 'java.lang.Object java.lang.invoke.DirectMethodHandle$Holder.newInvokeSpecial(java.lang.Object, java.lang.Object, java.lang.Object, java.lang.Object, java.lang.Object, java.lang.Object, java.lang.Object)'> (0x0000000088c45058) 
thrown [s\src\hotspot\share\interpreter\linkResolver.cpp, line 759]
Event: 5.506 Thread 0x000001c424bc7a20 Exception <a 'java/lang/NoSuchMethodError'{0x0000000088c49d28}: 'java.lang.Object java.lang.invoke.Invokers$Holder.linkToTargetMethod(java.lang.Object, java.lang.Object, java.lang.Object, java.lang.Object, java.lang.Object, java.lang.Object, java.lang.Object)'> (0x0000000088c49d28) 
thrown [s\src\hotspot\share\interpreter\linkResolver.cpp, line 759]
Event: 5.531 Thread 0x000001c424bc7a20 Exception <a 'java/lang/NoSuchMethodError'{0x0000000088baa420}: 'java.lang.Object java.lang.invoke.DirectMethodHandle$Holder.invokeVirtual(java.lang.Object, java.lang.Object, java.lang.Object, java.lang.Object, java.lang.Object, java.lang.Object, java.lang.Object, java.lang.Object, java.lang.Object, java.lang.Object, java.lang.Object, java.lang.Object, java.lang.Object, java.lang.Object, java.lang.Object, java.lang.Object, java.lang.Object, java.lang.Object, java.lang.Object, java.lang.Object, java.lang.Ob
Event: 5.710 Thread 0x000001c424bc7a20 Exception <a 'java/lang/NoSuchMethodError'{0x0000000088290448}: 'java.lang.Object java.lang.invoke.DirectMethodHandle$Holder.invokeStaticInit(java.lang.Object, java.lang.Object, java.lang.Object, java.lang.Object)'> (0x0000000088290448) 
thrown [s\src\hotspot\share\interpreter\linkResolver.cpp, line 759]
Event: 5.728 Thread 0x000001c424bc7a20 Exception <a 'java/lang/NoSuchMethodError'{0x0000000088183a18}: 'java.lang.Object java.lang.invoke.DirectMethodHandle$Holder.newInvokeSpecial(java.lang.Object, java.lang.Object, java.lang.Object, java.lang.Object, java.lang.Object, java.lang.Object, java.lang.Object, java.lang.Object)'> (0x0000000088183a18) 
thrown [s\src\hotspot\share\interpreter\linkResolver.cpp, line 759]
Event: 5.728 Thread 0x000001c424bc7a20 Exception <a 'java/lang/NoSuchMethodError'{0x00000000881896a8}: 'java.lang.Object java.lang.invoke.DirectMethodHandle$Holder.invokeSpecial(java.lang.Object, java.lang.Object, java.lang.Object, java.lang.Object, java.lang.Object, java.lang.Object, java.lang.Object, java.lang.Object, java.lang.Object)'> (0x00000000881896a8) 
thrown [s\src\hotspot\share\interpreter\linkResolver.cpp, line 759]
Event: 5.729 Thread 0x000001c424bc7a20 Exception <a 'java/lang/NoSuchMethodError'{0x000000008818ea58}: 'java.lang.Object java.lang.invoke.Invokers$Holder.linkToTargetMethod(java.lang.Object, java.lang.Object, java.lang.Object, java.lang.Object, java.lang.Object, java.lang.Object, java.lang.Object, java.lang.Object)'> (0x000000008818ea58) 
thrown [s\src\hotspot\share\interpreter\linkResolver.cpp, line 759]
Event: 5.756 Thread 0x000001c424bc7a20 Exception <a 'java/lang/NoSuchMethodError'{0x00000000880b21a8}: 'void java.lang.invoke.DirectMethodHandle$Holder.invokeStatic(java.lang.Object, java.lang.Object, java.lang.Object, java.lang.Object)'> (0x00000000880b21a8) 
thrown [s\src\hotspot\share\interpreter\linkResolver.cpp, line 759]
Event: 5.760 Thread 0x000001c424bc7a20 Exception <a 'java/lang/IncompatibleClassChangeError'{0x00000000880dc2b8}: Found class java.lang.Object, but interface was expected> (0x00000000880dc2b8) 
thrown [s\src\hotspot\share\interpreter\linkResolver.cpp, line 826]

VM Operations (20 events):
Event: 3.498 Executing VM operation: HandshakeAllThreads
Event: 3.498 Executing VM operation: HandshakeAllThreads done
Event: 3.950 Executing VM operation: HandshakeAllThreads
Event: 3.950 Executing VM operation: HandshakeAllThreads done
Event: 4.043 Executing VM operation: HandshakeAllThreads
Event: 4.043 Executing VM operation: HandshakeAllThreads done
Event: 4.567 Executing VM operation: HandshakeAllThreads
Event: 4.567 Executing VM operation: HandshakeAllThreads done
Event: 4.567 Executing VM operation: Cleanup
Event: 4.567 Executing VM operation: Cleanup done
Event: 4.871 Executing VM operation: HandshakeAllThreads
Event: 4.871 Executing VM operation: HandshakeAllThreads done
Event: 4.871 Executing VM operation: HandshakeAllThreads
Event: 4.871 Executing VM operation: HandshakeAllThreads done
Event: 4.992 Executing VM operation: HandshakeAllThreads
Event: 4.993 Executing VM operation: HandshakeAllThreads done
Event: 4.993 Executing VM operation: HandshakeAllThreads
Event: 4.993 Executing VM operation: HandshakeAllThreads done
Event: 5.764 Executing VM operation: G1CollectForAllocation
Event: 5.773 Executing VM operation: G1CollectForAllocation done

Events (20 events):
Event: 0.095 Thread 0x000001c47f83b490 Thread added: 0x000001c47f83b490
Event: 0.130 Thread 0x000001c47f937900 Thread added: 0x000001c47f937900
Event: 0.212 Thread 0x000001c47f9baa50 Thread added: 0x000001c47f9baa50
Event: 0.240 Thread 0x000001c47fa0f390 Thread added: 0x000001c47fa0f390
Event: 3.235 Thread 0x000001c424706500 Thread added: 0x000001c424706500
Event: 3.918 Thread 0x000001c4246c3f90 Thread added: 0x000001c4246c3f90
Event: 4.000 Thread 0x000001c423d3f4a0 Thread added: 0x000001c423d3f4a0
Event: 4.100 Thread 0x000001c4248b4030 Thread added: 0x000001c4248b4030
Event: 4.106 Thread 0x000001c424bbafb0 Thread added: 0x000001c424bbafb0
Event: 4.173 Thread 0x000001c424bcacc0 Thread added: 0x000001c424bcacc0
Event: 4.187 Thread 0x000001c424bc7a20 Thread added: 0x000001c424bc7a20
Event: 4.201 Thread 0x000001c424bc9880 Thread added: 0x000001c424bc9880
Event: 4.207 Thread 0x000001c424bc8e60 Thread added: 0x000001c424bc8e60
Event: 4.211 Thread 0x000001c424bcb1d0 Thread added: 0x000001c424bcb1d0
Event: 4.766 Thread 0x000001c424bc7f30 Thread added: 0x000001c424bc7f30
Event: 4.784 Thread 0x000001c424bc8440 Thread added: 0x000001c424bc8440
Event: 4.825 Thread 0x000001c424bca2a0 Thread added: 0x000001c424bca2a0
Event: 5.562 Thread 0x000001c424bc9d90 Thread added: 0x000001c424bc9d90
Event: 5.679 Thread 0x000001c424bc8950 Thread added: 0x000001c424bc8950
Event: 5.968 Thread 0x000001c424bc9370 Thread added: 0x000001c424bc9370


Dynamic libraries:
0x00007ff630f10000 - 0x00007ff630f1e000 	C:\Program Files\Microsoft\jdk-17.0.12.7-hotspot\bin\java.exe
0x00007ff99c750000 - 0x00007ff99c967000 	C:\WINDOWS\SYSTEM32\ntdll.dll
0x00007ff99b260000 - 0x00007ff99b324000 	C:\WINDOWS\System32\KERNEL32.DLL
0x00007ff999b80000 - 0x00007ff999f37000 	C:\WINDOWS\System32\KERNELBASE.dll
0x00007ff999a60000 - 0x00007ff999b71000 	C:\WINDOWS\System32\ucrtbase.dll
0x00007ff97dfc0000 - 0x00007ff97dfdd000 	C:\Program Files\Microsoft\jdk-17.0.12.7-hotspot\bin\VCRUNTIME140.dll
0x00007ff97e080000 - 0x00007ff97e097000 	C:\Program Files\Microsoft\jdk-17.0.12.7-hotspot\bin\jli.dll
0x00007ff99bb90000 - 0x00007ff99bd3f000 	C:\WINDOWS\System32\USER32.dll
0x00007ff99a140000 - 0x00007ff99a166000 	C:\WINDOWS\System32\win32u.dll
0x00007ff99c230000 - 0x00007ff99c259000 	C:\WINDOWS\System32\GDI32.dll
0x00007ff984410000 - 0x00007ff9846a3000 	C:\WINDOWS\WinSxS\amd64_microsoft.windows.common-controls_6595b64144ccf1df_6.0.22621.3672_none_2713b9d173822955\COMCTL32.dll
0x00007ff99a360000 - 0x00007ff99a478000 	C:\WINDOWS\System32\gdi32full.dll
0x00007ff99ae40000 - 0x00007ff99aee7000 	C:\WINDOWS\System32\msvcrt.dll
0x00007ff999f40000 - 0x00007ff999fda000 	C:\WINDOWS\System32\msvcp_win.dll
0x00007ff99b0c0000 - 0x00007ff99b0f1000 	C:\WINDOWS\System32\IMM32.DLL
0x00007ff97dfb0000 - 0x00007ff97dfbc000 	C:\Program Files\Microsoft\jdk-17.0.12.7-hotspot\bin\vcruntime140_1.dll
0x00007ff940930000 - 0x00007ff9409bd000 	C:\Program Files\Microsoft\jdk-17.0.12.7-hotspot\bin\msvcp140.dll
0x00007ff8aa040000 - 0x00007ff8aacb0000 	C:\Program Files\Microsoft\jdk-17.0.12.7-hotspot\bin\server\jvm.dll
0x00007ff99aef0000 - 0x00007ff99afa2000 	C:\WINDOWS\System32\ADVAPI32.dll
0x00007ff99afb0000 - 0x00007ff99b058000 	C:\WINDOWS\System32\sechost.dll
0x00007ff999fe0000 - 0x00007ff99a008000 	C:\WINDOWS\System32\bcrypt.dll
0x00007ff99a480000 - 0x00007ff99a594000 	C:\WINDOWS\System32\RPCRT4.dll
0x00007ff99c680000 - 0x00007ff99c6f1000 	C:\WINDOWS\System32\WS2_32.dll
0x00007ff999930000 - 0x00007ff99997d000 	C:\WINDOWS\SYSTEM32\POWRPROF.dll
0x00007ff993500000 - 0x00007ff99350a000 	C:\WINDOWS\SYSTEM32\VERSION.dll
0x00007ff993c20000 - 0x00007ff993c54000 	C:\WINDOWS\SYSTEM32\WINMM.dll
0x00007ff999910000 - 0x00007ff999923000 	C:\WINDOWS\SYSTEM32\UMPDC.dll
0x00007ff998ab0000 - 0x00007ff998ac8000 	C:\WINDOWS\SYSTEM32\kernel.appcore.dll
0x00007ff97dfa0000 - 0x00007ff97dfaa000 	C:\Program Files\Microsoft\jdk-17.0.12.7-hotspot\bin\jimage.dll
0x00007ff991c30000 - 0x00007ff991e62000 	C:\WINDOWS\SYSTEM32\DBGHELP.DLL
0x00007ff99bd40000 - 0x00007ff99c0ce000 	C:\WINDOWS\System32\combase.dll
0x00007ff99ba20000 - 0x00007ff99baf7000 	C:\WINDOWS\System32\OLEAUT32.dll
0x00007ff97e890000 - 0x00007ff97e8c2000 	C:\WINDOWS\SYSTEM32\dbgcore.DLL
0x00007ff99a170000 - 0x00007ff99a1eb000 	C:\WINDOWS\System32\bcryptPrimitives.dll
0x00007ff96f070000 - 0x00007ff96f07e000 	C:\Program Files\Microsoft\jdk-17.0.12.7-hotspot\bin\instrument.dll
0x00007ff963190000 - 0x00007ff9631b5000 	C:\Program Files\Microsoft\jdk-17.0.12.7-hotspot\bin\java.dll
0x00007ff930d90000 - 0x00007ff930e67000 	C:\Program Files\Microsoft\jdk-17.0.12.7-hotspot\bin\jsvml.dll
0x00007ff99a5d0000 - 0x00007ff99ae39000 	C:\WINDOWS\System32\SHELL32.dll
0x00007ff9979d0000 - 0x00007ff9982cf000 	C:\WINDOWS\SYSTEM32\windows.storage.dll
0x00007ff997890000 - 0x00007ff9979cf000 	C:\WINDOWS\SYSTEM32\wintypes.dll
0x00007ff99c0d0000 - 0x00007ff99c1c9000 	C:\WINDOWS\System32\SHCORE.dll
0x00007ff99b8c0000 - 0x00007ff99b91e000 	C:\WINDOWS\System32\shlwapi.dll
0x00007ff999990000 - 0x00007ff9999b7000 	C:\WINDOWS\SYSTEM32\profapi.dll
0x00007ff963080000 - 0x00007ff963098000 	C:\Program Files\Microsoft\jdk-17.0.12.7-hotspot\bin\zip.dll
0x00007ff95cdd0000 - 0x00007ff95cdea000 	C:\Program Files\Microsoft\jdk-17.0.12.7-hotspot\bin\net.dll
0x00007ff995ec0000 - 0x00007ff995ff6000 	C:\WINDOWS\SYSTEM32\WINHTTP.dll
0x00007ff998f20000 - 0x00007ff998f89000 	C:\WINDOWS\system32\mswsock.dll
0x00007ff95b190000 - 0x00007ff95b1a6000 	C:\Program Files\Microsoft\jdk-17.0.12.7-hotspot\bin\nio.dll
0x00007ff965d00000 - 0x00007ff965d10000 	C:\Program Files\Microsoft\jdk-17.0.12.7-hotspot\bin\verify.dll
0x00007ff96f080000 - 0x00007ff96f0a7000 	C:\Users\prave\.gradle\native\c067742578af261105cb4f569cf0c3c89f3d7b1fecec35dd04571415982c5e48\windows-amd64\native-platform.dll
0x00007ff903780000 - 0x00007ff9038c4000 	C:\Users\prave\.gradle\native\100fb08df4bc3b14c8652ba06237920a3bd2aa13389f12d3474272988ae205f9\windows-amd64\native-platform-file-events.dll
0x00007ff95c720000 - 0x00007ff95c72a000 	C:\Program Files\Microsoft\jdk-17.0.12.7-hotspot\bin\management.dll
0x00007ff95c130000 - 0x00007ff95c13b000 	C:\Program Files\Microsoft\jdk-17.0.12.7-hotspot\bin\management_ext.dll
0x00007ff99c700000 - 0x00007ff99c708000 	C:\WINDOWS\System32\PSAPI.DLL
0x00007ff999180000 - 0x00007ff99919b000 	C:\WINDOWS\SYSTEM32\CRYPTSP.dll
0x00007ff998a10000 - 0x00007ff998a45000 	C:\WINDOWS\system32\rsaenh.dll
0x00007ff999010000 - 0x00007ff999038000 	C:\WINDOWS\SYSTEM32\USERENV.dll
0x00007ff999170000 - 0x00007ff99917c000 	C:\WINDOWS\SYSTEM32\CRYPTBASE.dll
0x00007ff998530000 - 0x00007ff99855d000 	C:\WINDOWS\SYSTEM32\IPHLPAPI.DLL
0x00007ff99c490000 - 0x00007ff99c499000 	C:\WINDOWS\System32\NSI.dll
0x00007ff995dc0000 - 0x00007ff995dd9000 	C:\WINDOWS\SYSTEM32\dhcpcsvc6.DLL
0x00007ff995c50000 - 0x00007ff995c6f000 	C:\WINDOWS\SYSTEM32\dhcpcsvc.DLL
0x00007ff9985f0000 - 0x00007ff9986f2000 	C:\WINDOWS\SYSTEM32\DNSAPI.dll
0x00007ff95afb0000 - 0x00007ff95afb9000 	C:\Program Files\Microsoft\jdk-17.0.12.7-hotspot\bin\extnet.dll
0x00007ff959470000 - 0x00007ff95947e000 	C:\Program Files\Microsoft\jdk-17.0.12.7-hotspot\bin\sunmscapi.dll
0x00007ff99a1f0000 - 0x00007ff99a356000 	C:\WINDOWS\System32\CRYPT32.dll
0x00007ff999310000 - 0x00007ff99933e000 	C:\WINDOWS\SYSTEM32\ncrypt.dll
0x00007ff9992d0000 - 0x00007ff999307000 	C:\WINDOWS\SYSTEM32\NTASN1.dll
0x00007ff8e8700000 - 0x00007ff8e8708000 	C:\WINDOWS\system32\wshunix.dll

dbghelp: loaded successfully - version: 4.0.5 - missing functions: none
symbol engine: initialized successfully - sym options: 0x614 - pdb path: .;C:\Program Files\Microsoft\jdk-17.0.12.7-hotspot\bin;C:\WINDOWS\SYSTEM32;C:\WINDOWS\WinSxS\amd64_microsoft.windows.common-controls_6595b64144ccf1df_6.0.22621.3672_none_2713b9d173822955;C:\Program Files\Microsoft\jdk-17.0.12.7-hotspot\bin\server;C:\Users\prave\.gradle\native\c067742578af261105cb4f569cf0c3c89f3d7b1fecec35dd04571415982c5e48\windows-amd64;C:\Users\prave\.gradle\native\100fb08df4bc3b14c8652ba06237920a3bd2aa13389f12d3474272988ae205f9\windows-amd64

VM Arguments:
jvm_args: -XX:MaxMetaspaceSize=512m --add-opens=java.base/java.util=ALL-UNNAMED --add-opens=java.base/java.lang=ALL-UNNAMED --add-opens=java.base/java.lang.invoke=ALL-UNNAMED --add-opens=java.prefs/java.util.prefs=ALL-UNNAMED --add-opens=java.base/java.nio.charset=ALL-UNNAMED --add-opens=java.base/java.net=ALL-UNNAMED --add-opens=java.base/java.util.concurrent.atomic=ALL-UNNAMED -Xmx2048m -Dfile.encoding=windows-1252 -Duser.country=IN -Duser.language=en -Duser.variant -javaagent:C:\Users\prave\.gradle\wrapper\dists\gradle-8.8-all\6gdy1pgp427xkqcjbxw3ylt6h\gradle-8.8\lib\agents\gradle-instrumentation-agent-8.8.jar 
java_command: org.gradle.launcher.daemon.bootstrap.GradleDaemon 8.8
java_class_path (initial): C:\Users\prave\.gradle\wrapper\dists\gradle-8.8-all\6gdy1pgp427xkqcjbxw3ylt6h\gradle-8.8\lib\gradle-launcher-8.8.jar
Launcher Type: SUN_STANDARD

[Global flags]
     intx CICompilerCount                          = 12                                        {product} {ergonomic}
   size_t CompressedClassSpaceSize                 = 436207616                                 {product} {ergonomic}
     uint ConcGCThreads                            = 3                                         {product} {ergonomic}
     uint G1ConcRefinementThreads                  = 13                                        {product} {ergonomic}
   size_t G1HeapRegionSize                         = 1048576                                   {product} {ergonomic}
    uintx GCDrainStackTargetSize                   = 64                                        {product} {ergonomic}
   size_t InitialHeapSize                          = 257949696                                 {product} {ergonomic}
   size_t MarkStackSize                            = 4194304                                   {product} {ergonomic}
   size_t MaxHeapSize                              = 2147483648                                {product} {command line}
   size_t MaxMetaspaceSize                         = 536870912                                 {product} {command line}
   size_t MaxNewSize                               = 1287651328                                {product} {ergonomic}
   size_t MinHeapDeltaBytes                        = 1048576                                   {product} {ergonomic}
   size_t MinHeapSize                              = 8388608                                   {product} {ergonomic}
    uintx NonNMethodCodeHeapSize                   = 7602480                                {pd product} {ergonomic}
    uintx NonProfiledCodeHeapSize                  = 122027880                              {pd product} {ergonomic}
    uintx ProfiledCodeHeapSize                     = 122027880                              {pd product} {ergonomic}
    uintx ReservedCodeCacheSize                    = 251658240                              {pd product} {ergonomic}
     bool SegmentedCodeCache                       = true                                      {product} {ergonomic}
   size_t SoftMaxHeapSize                          = 2147483648                             {manageable} {ergonomic}
     bool UseCompressedClassPointers               = true                           {product lp64_product} {ergonomic}
     bool UseCompressedOops                        = true                           {product lp64_product} {ergonomic}
     bool UseG1GC                                  = true                                      {product} {ergonomic}
     bool UseLargePagesIndividualAllocation        = false                                  {pd product} {ergonomic}

Logging:
Log output configuration:
 #0: stdout all=warning uptime,level,tags
 #1: stderr all=off uptime,level,tags

Environment Variables:
JAVA_HOME=C:\Program Files\Microsoft\jdk-17.0.12.7-hotspot\
CLASSPATH=C:\Users\prave\Safar\android\\gradle\wrapper\gradle-wrapper.jar
PATH=C:\Users\prave\Safar\node_modules\.bin;C:\Users\prave\Safar\node_modules\.bin;C:\Users\prave\node_modules\.bin;C:\Users\node_modules\.bin;C:\node_modules\.bin;C:\Program Files\nodejs\node_modules\npm\node_modules\@npmcli\run-script\lib\node-gyp-bin;C:\Users\prave\Safar\node_modules\.bin;C:\Users\prave\node_modules\.bin;C:\Users\node_modules\.bin;C:\node_modules\.bin;C:\Program Files\nodejs\node_modules\npm\node_modules\@npmcli\run-script\lib\node-gyp-bin;C:\Program Files\Microsoft\jdk-17.0.12.7-hotspot\bin;C:\bin;C:\Program Files\Amazon Corretto\jdk1.8.0_312\bin;C:\Python310\Scripts\;C:\Python310\;C:\windows\system32;C:\windows;"C:\windows\System32;";C:\windows\System32\WindowsPowerShell\v1.0\;C:\windows\System32\OpenSSH\;C:\Program Files (x86)\NVIDIA Corporation\PhysX\Common;C:\Program Files\NVIDIA Corporation\NVIDIA NvDLISR;C:\WINDOWS\system32;C:\WINDOWS;C:\WINDOWS\System32\Wbem;C:\WINDOWS\System32\WindowsPowerShell\v1.0\;C:\WINDOWS\System32\OpenSSH\;C:\Program Files\Microsoft SQL Server\Client SDK\ODBC\170\Tools\Binn\;C:\Program Files (x86)\Microsoft SQL Server\150\Tools\Binn\;C:\Program Files\Microsoft SQL Server\150\Tools\Binn\;C:\Program Files\Microsoft SQL Server\150\DTS\Binn\;C:\ProgramData\chocolatey\bin;C:\Program Files\PuTTY\;C:\MinGW\bin;C:\Program Files\Amazon\AWSCLIV2\;C:\Program Files\Git\cmd;C:\Program Files\nodejs\;C:\Users\prave\AppData\Local\Android\Sdk\platform-tools;C:\Users\prave\AppData\Local\Android\Sdk\tools;C:\Users\prave\AppData\Local\Android\Sdk\tools\bin;C:\Users\prave\AppData\Local\Android\Sdk\emulator;C:\Users\prave\AppData\Local\Android\Sdk\tools;C:\Users\prave\anaconda3;C:\Users\prave\anaconda3\Library\mingw-w64\bin;C:\Users\prave\anaconda3\Library\usr\bin;C:\Users\prave\anaconda3\Library\bin;C:\Users\prave\anaconda3\Scripts;D:\Internship\azcopy_windows_amd64_10.21.2\azcopy_windows_amd64_10.21.2;C:\Users\prave\OneDrive\Documents\mongosh-1.10.1-win32-x64\mongosh-1.10.1-win32-x64\bin;C:\Users\prave\AppData\Local\Microsoft\WindowsApps
USERNAME=prave
LANG=en_US.UTF-8
OS=Windows_NT
PROCESSOR_IDENTIFIER=AMD64 Family 23 Model 96 Stepping 1, AuthenticAMD
TMP=C:\Users\prave\AppData\Local\Temp
TEMP=C:\Users\prave\AppData\Local\Temp



Periodic native trim disabled


---------------  S Y S T E M  ---------------

OS:
 Windows 11 , 64 bit Build 22621 (10.0.22621.3958)
OS uptime: 10 days 2:04 hours

CPU: total 16 (initial active 16) (16 cores per cpu, 2 threads per core) family 23 model 96 stepping 1 microcode 0x0, cx8, cmov, fxsr, ht, mmx, 3dnowpref, sse, sse2, sse3, ssse3, sse4a, sse4.1, sse4.2, popcnt, lzcnt, tsc, tscinvbit, avx, avx2, aes, clmul, bmi1, bmi2, adx, sha, fma, vzeroupper, clflush, clflushopt
Processor Information for the first 16 processors :
  Max Mhz: 2900, Current Mhz: 2900, Mhz Limit: 2900

Memory: 4k page, system-wide physical 15732M (86M free)
TotalPageFile size 35922M (AvailPageFile size 9M)
current process WorkingSet (physical memory assigned to process): 260M, peak: 260M
current process commit charge ("private bytes"): 418M, peak: 419M

vm_info: OpenJDK 64-Bit Server VM (17.0.12+7-LTS) for windows-amd64 JRE (17.0.12+7-LTS), built on Jul 16 2024 18:11:44 by "MicrosoftCorporation" with unknown MS VC++:1939

END.
