#
# There is insufficient memory for the Java Runtime Environment to continue.
# Native memory allocation (mmap) failed to map 257949696 bytes. Error detail: G1 virtual space
# Possible reasons:
#   The system is out of physical RAM or swap space
#   This process is running with CompressedOops enabled, and the Java Heap may be blocking the growth of the native heap
# Possible solutions:
#   Reduce memory load on the system
#   Increase physical memory or swap space
#   Check if swap backing store is full
#   Decrease Java heap size (-Xmx/-Xms)
#   Decrease number of Java threads
#   Decrease Java thread stack sizes (-Xss)
#   Set larger code cache with -XX:ReservedCodeCacheSize=
#   JVM is running with Zero Based Compressed Oops mode in which the Java heap is
#     placed in the first 32GB address space. The Java Heap base address is the
#     maximum limit for the native heap growth. Please use -XX:HeapBaseMinAddress
#     to set the Java Heap base and to place the Java Heap above 32GB virtual address.
# This output file may be truncated or incomplete.
#
#  Out of Memory Error (os_windows.cpp:3678), pid=53068, tid=64000
#
# JRE version:  (17.0.12+7) (build )
# Java VM: OpenJDK 64-Bit Server VM (17.0.12+7-LTS, mixed mode, sharing, tiered, compressed oops, compressed class ptrs, g1 gc, windows-amd64)
# No core dump will be written. Minidumps are not enabled by default on client versions of Windows
#

---------------  S U M M A R Y ------------

Command Line: org.jetbrains.kotlin.cli.jvm.K2JVMCompiler @C:\Users\prave\Safar\node_modules\react-native-gesture-handler\android\build\20241017_18166486659264699325.compiler.options

Host: AMD Ryzen 7 4800H with Radeon Graphics         , 16 cores, 15G,  Windows 11 , 64 bit Build 22621 (10.0.22621.3958)
Time: Thu Oct 17 17:09:01 2024 India Standard Time elapsed time: 0.019707 seconds (0d 0h 0m 0s)

---------------  T H R E A D  ---------------

Current thread (0x0000019ffdcf1f30):  JavaThread "Unknown thread" [_thread_in_vm, id=64000, stack(0x0000003912300000,0x0000003912400000)]

Stack: [0x0000003912300000,0x0000003912400000]
Native frames: (J=compiled Java code, j=interpreted, Vv=VM code, C=native code)
V  [jvm.dll+0x686d99]
V  [jvm.dll+0x83daf8]
V  [jvm.dll+0x83f5a3]
V  [jvm.dll+0x83fc13]
V  [jvm.dll+0x2492ef]
V  [jvm.dll+0x683dd9]
V  [jvm.dll+0x6782fa]
V  [jvm.dll+0x30a797]
V  [jvm.dll+0x311d06]
V  [jvm.dll+0x36252e]
V  [jvm.dll+0x36276d]
V  [jvm.dll+0x2e1a9c]
V  [jvm.dll+0x2e29b4]
V  [jvm.dll+0x80faab]
V  [jvm.dll+0x370241]
V  [jvm.dll+0x7ee6bf]
V  [jvm.dll+0x3f6ccf]
V  [jvm.dll+0x3f87f1]
C  [jli.dll+0x5284]
C  [ucrtbase.dll+0x29333]
C  [KERNEL32.DLL+0x1257d]
C  [ntdll.dll+0x5af08]


---------------  P R O C E S S  ---------------

Threads class SMR info:
_java_thread_list=0x00007ff8aac6cf98, length=0, elements={
}

Java Threads: ( => current thread )

Other Threads:
  0x0000019ffdd5f3e0 GCTaskThread "GC Thread#0" [stack: 0x0000003912400000,0x0000003912500000] [id=65272]
  0x0000019ffdd6f810 ConcurrentGCThread "G1 Main Marker" [stack: 0x0000003912500000,0x0000003912600000] [id=30532]
  0x0000019ffdd708d0 ConcurrentGCThread "G1 Conc#0" [stack: 0x0000003912600000,0x0000003912700000] [id=58988]

[error occurred during error reporting (printing all threads), id 0xc0000005, EXCEPTION_ACCESS_VIOLATION (0xc0000005) at pc=0x00007ff8aa4225b7]

VM state: not at safepoint (not fully initialized)

VM Mutex/Monitor currently owned by a thread:  ([mutex/lock_event])
[0x0000019ffdcec890] Heap_lock - owner thread: 0x0000019ffdcf1f30

Heap address: 0x000000070a200000, size: 3934 MB, Compressed Oops mode: Zero based, Oop shift amount: 3

CDS archive(s) mapped at: [0x0000000000000000-0x0000000000000000-0x0000000000000000), size 0, SharedBaseAddress: 0x0000000800000000, ArchiveRelocationMode: 1.
Narrow klass base: 0x0000000000000000, Narrow klass shift: 0, Narrow klass range: 0x0

GC Precious Log:
<Empty>

Heap:
 garbage-first heap   total 0K, used 0K [0x000000070a200000, 0x0000000800000000)
  region size 2048K, 0 young (0K), 0 survivors (0K)

[error occurred during error reporting (printing heap information), id 0xc0000005, EXCEPTION_ACCESS_VIOLATION (0xc0000005) at pc=0x00007ff8aa810a39]

GC Heap History (0 events):
No events

Dll operation events (1 events):
Event: 0.013 Loaded shared library C:\Program Files\Microsoft\jdk-17.0.12.7-hotspot\bin\java.dll

Deoptimization events (0 events):
No events

Classes loaded (0 events):
No events

Classes unloaded (0 events):
No events

Classes redefined (0 events):
No events

Internal exceptions (0 events):
No events

VM Operations (0 events):
No events

Events (0 events):
No events


Dynamic libraries:
0x00007ff7b91a0000 - 0x00007ff7b91ae000 	C:\Program Files\Microsoft\jdk-17.0.12.7-hotspot\bin\java.exe
0x00007ff99c750000 - 0x00007ff99c967000 	C:\WINDOWS\SYSTEM32\ntdll.dll
0x00007ff99b260000 - 0x00007ff99b324000 	C:\WINDOWS\System32\KERNEL32.DLL
0x00007ff999b80000 - 0x00007ff999f37000 	C:\WINDOWS\System32\KERNELBASE.dll
0x00007ff999a60000 - 0x00007ff999b71000 	C:\WINDOWS\System32\ucrtbase.dll
0x00007ff9590c0000 - 0x00007ff9590dd000 	C:\Program Files\Microsoft\jdk-17.0.12.7-hotspot\bin\VCRUNTIME140.dll
0x00007ff96b900000 - 0x00007ff96b917000 	C:\Program Files\Microsoft\jdk-17.0.12.7-hotspot\bin\jli.dll
0x00007ff99bb90000 - 0x00007ff99bd3f000 	C:\WINDOWS\System32\USER32.dll
0x00007ff99a140000 - 0x00007ff99a166000 	C:\WINDOWS\System32\win32u.dll
0x00007ff984410000 - 0x00007ff9846a3000 	C:\WINDOWS\WinSxS\amd64_microsoft.windows.common-controls_6595b64144ccf1df_6.0.22621.3672_none_2713b9d173822955\COMCTL32.dll
0x00007ff99c230000 - 0x00007ff99c259000 	C:\WINDOWS\System32\GDI32.dll
0x00007ff99ae40000 - 0x00007ff99aee7000 	C:\WINDOWS\System32\msvcrt.dll
0x00007ff99a360000 - 0x00007ff99a478000 	C:\WINDOWS\System32\gdi32full.dll
0x00007ff999f40000 - 0x00007ff999fda000 	C:\WINDOWS\System32\msvcp_win.dll
0x00007ff99b0c0000 - 0x00007ff99b0f1000 	C:\WINDOWS\System32\IMM32.DLL
0x00007ff993c60000 - 0x00007ff993c6c000 	C:\Program Files\Microsoft\jdk-17.0.12.7-hotspot\bin\vcruntime140_1.dll
0x00007ff942720000 - 0x00007ff9427ad000 	C:\Program Files\Microsoft\jdk-17.0.12.7-hotspot\bin\msvcp140.dll
0x00007ff8aa130000 - 0x00007ff8aada0000 	C:\Program Files\Microsoft\jdk-17.0.12.7-hotspot\bin\server\jvm.dll
0x00007ff99aef0000 - 0x00007ff99afa2000 	C:\WINDOWS\System32\ADVAPI32.dll
0x00007ff99afb0000 - 0x00007ff99b058000 	C:\WINDOWS\System32\sechost.dll
0x00007ff999fe0000 - 0x00007ff99a008000 	C:\WINDOWS\System32\bcrypt.dll
0x00007ff99a480000 - 0x00007ff99a594000 	C:\WINDOWS\System32\RPCRT4.dll
0x00007ff99c680000 - 0x00007ff99c6f1000 	C:\WINDOWS\System32\WS2_32.dll
0x00007ff999930000 - 0x00007ff99997d000 	C:\WINDOWS\SYSTEM32\POWRPROF.dll
0x00007ff993c20000 - 0x00007ff993c54000 	C:\WINDOWS\SYSTEM32\WINMM.dll
0x00007ff993500000 - 0x00007ff99350a000 	C:\WINDOWS\SYSTEM32\VERSION.dll
0x00007ff999910000 - 0x00007ff999923000 	C:\WINDOWS\SYSTEM32\UMPDC.dll
0x00007ff998ab0000 - 0x00007ff998ac8000 	C:\WINDOWS\SYSTEM32\kernel.appcore.dll
0x00007ff96f270000 - 0x00007ff96f27a000 	C:\Program Files\Microsoft\jdk-17.0.12.7-hotspot\bin\jimage.dll
0x00007ff991c30000 - 0x00007ff991e62000 	C:\WINDOWS\SYSTEM32\DBGHELP.DLL
0x00007ff99bd40000 - 0x00007ff99c0ce000 	C:\WINDOWS\System32\combase.dll
0x00007ff99ba20000 - 0x00007ff99baf7000 	C:\WINDOWS\System32\OLEAUT32.dll
0x00007ff97e890000 - 0x00007ff97e8c2000 	C:\WINDOWS\SYSTEM32\dbgcore.DLL
0x00007ff99a170000 - 0x00007ff99a1eb000 	C:\WINDOWS\System32\bcryptPrimitives.dll
0x00007ff958b50000 - 0x00007ff958b75000 	C:\Program Files\Microsoft\jdk-17.0.12.7-hotspot\bin\java.dll

dbghelp: loaded successfully - version: 4.0.5 - missing functions: none
symbol engine: initialized successfully - sym options: 0x614 - pdb path: .;C:\Program Files\Microsoft\jdk-17.0.12.7-hotspot\bin;C:\WINDOWS\SYSTEM32;C:\WINDOWS\WinSxS\amd64_microsoft.windows.common-controls_6595b64144ccf1df_6.0.22621.3672_none_2713b9d173822955;C:\Program Files\Microsoft\jdk-17.0.12.7-hotspot\bin\server

VM Arguments:
java_command: org.jetbrains.kotlin.cli.jvm.K2JVMCompiler @C:\Users\prave\Safar\node_modules\react-native-gesture-handler\android\build\20241017_18166486659264699325.compiler.options
java_class_path (initial): C:\Users\prave\.gradle\caches\modules-2\files-2.1\org.jetbrains.kotlin\kotlin-compiler-embeddable\1.9.24\78dab849090e6c5e2eadb6e59a11cdc28fb67a08\kotlin-compiler-embeddable-1.9.24.jar;C:\Users\prave\.gradle\caches\modules-2\files-2.1\org.jetbrains.kotlin\kotlin-stdlib\1.9.24\9928532f12c66ad816a625b3f9984f8368ca6d2b\kotlin-stdlib-1.9.24.jar;C:\Users\prave\.gradle\caches\modules-2\files-2.1\org.jetbrains.kotlin\kotlin-script-runtime\1.9.24\96771497da90fbc5af1c90fce148db2595a62502\kotlin-script-runtime-1.9.24.jar;C:\Users\prave\.gradle\caches\modules-2\files-2.1\org.jetbrains.kotlin\kotlin-reflect\1.6.10\1cbe9c92c12a94eea200d23c2bbaedaf3daf5132\kotlin-reflect-1.6.10.jar;C:\Users\prave\.gradle\caches\modules-2\files-2.1\org.jetbrains.kotlin\kotlin-daemon-embeddable\1.9.24\86685b9c5e8d170925bd9ddbdc263374a6a73281\kotlin-daemon-embeddable-1.9.24.jar;C:\Users\prave\.gradle\caches\modules-2\files-2.1\org.jetbrains.intellij.deps\trove4j\1.0.20200330\3afb14d5f9ceb459d724e907a21145e8ff394f02\trove4j-1.0.20200330.jar;C:\Users\prave\.gradle\caches\modules-2\files-2.1\org.jetbrains\annotations\13.0\919f0dfe192fb4e063e7dacadee7f8bb9a2672a9\annotations-13.0.jar
Launcher Type: SUN_STANDARD

[Global flags]
     intx CICompilerCount                          = 12                                        {product} {ergonomic}
     uint ConcGCThreads                            = 3                                         {product} {ergonomic}
     uint G1ConcRefinementThreads                  = 13                                        {product} {ergonomic}
   size_t G1HeapRegionSize                         = 2097152                                   {product} {ergonomic}
    uintx GCDrainStackTargetSize                   = 64                                        {product} {ergonomic}
   size_t InitialHeapSize                          = 257949696                                 {product} {ergonomic}
   size_t MarkStackSize                            = 4194304                                   {product} {ergonomic}
   size_t MaxHeapSize                              = 4125097984                                {product} {ergonomic}
   size_t MinHeapDeltaBytes                        = 2097152                                   {product} {ergonomic}
   size_t MinHeapSize                              = 8388608                                   {product} {ergonomic}
    uintx NonNMethodCodeHeapSize                   = 7602480                                {pd product} {ergonomic}
    uintx NonProfiledCodeHeapSize                  = 122027880                              {pd product} {ergonomic}
    uintx ProfiledCodeHeapSize                     = 122027880                              {pd product} {ergonomic}
    uintx ReservedCodeCacheSize                    = 251658240                              {pd product} {ergonomic}
     bool SegmentedCodeCache                       = true                                      {product} {ergonomic}
   size_t SoftMaxHeapSize                          = 4125097984                             {manageable} {ergonomic}
     bool UseCompressedClassPointers               = true                           {product lp64_product} {ergonomic}
     bool UseCompressedOops                        = true                           {product lp64_product} {ergonomic}
     bool UseG1GC                                  = true                                      {product} {ergonomic}
     bool UseLargePagesIndividualAllocation        = false                                  {pd product} {ergonomic}

Logging:
Log output configuration:
 #0: stdout all=warning uptime,level,tags
 #1: stderr all=off uptime,level,tags

Environment Variables:
JAVA_HOME=C:\Program Files\Microsoft\jdk-17.0.12.7-hotspot\
CLASSPATH=C:\Users\prave\Safar\android\\gradle\wrapper\gradle-wrapper.jar
PATH=C:\Users\prave\Safar\node_modules\.bin;C:\Users\prave\node_modules\.bin;C:\Users\node_modules\.bin;C:\node_modules\.bin;C:\Program Files\nodejs\node_modules\npm\node_modules\@npmcli\run-script\lib\node-gyp-bin;C:\Program Files\Microsoft\jdk-17.0.12.7-hotspot\bin;C:\bin;C:\Program Files\Amazon Corretto\jdk1.8.0_312\bin;C:\Python310\Scripts\;C:\Python310\;C:\windows\system32;C:\windows;"C:\windows\System32;";C:\windows\System32\WindowsPowerShell\v1.0\;C:\windows\System32\OpenSSH\;C:\Program Files (x86)\NVIDIA Corporation\PhysX\Common;C:\Program Files\NVIDIA Corporation\NVIDIA NvDLISR;C:\WINDOWS\system32;C:\WINDOWS;C:\WINDOWS\System32\Wbem;C:\WINDOWS\System32\WindowsPowerShell\v1.0\;C:\WINDOWS\System32\OpenSSH\;C:\Program Files\Microsoft SQL Server\Client SDK\ODBC\170\Tools\Binn\;C:\Program Files (x86)\Microsoft SQL Server\150\Tools\Binn\;C:\Program Files\Microsoft SQL Server\150\Tools\Binn\;C:\Program Files\Microsoft SQL Server\150\DTS\Binn\;C:\ProgramData\chocolatey\bin;C:\Program Files\PuTTY\;C:\MinGW\bin;C:\Program Files\Amazon\AWSCLIV2\;C:\Program Files\Git\cmd;C:\Program Files\nodejs\;C:\Users\prave\AppData\Local\Android\Sdk\platform-tools;C:\Users\prave\AppData\Local\Android\Sdk\tools;C:\Users\prave\AppData\Local\Android\Sdk\tools\bin;C:\Users\prave\AppData\Local\Android\Sdk\emulator;C:\Users\prave\AppData\Local\Android\Sdk\tools;C:\Users\prave\anaconda3;C:\Users\prave\anaconda3\Library\mingw-w64\bin;C:\Users\prave\anaconda3\Library\usr\bin;C:\Users\prave\anaconda3\Library\bin;C:\Users\prave\anaconda3\Scripts;D:\Internship\azcopy_windows_amd64_10.21.2\azcopy_windows_amd64_10.21.2;C:\Users\prave\OneDrive\Documents\mongosh-1.10.1-win32-x64\mongosh-1.10.1-win32-x64\bin;C:\Users\prave\AppData\Local\Microsoft\WindowsApps;C:\Program Files (x86)\mingw-w64\i686-8.1.0-posix-dwarf-rt_v6-rev0\mingw32\bin;C:\Program Files\JetBrains\IntelliJ IDEA Community Edition 2021.2.2\bin;C:\xampp\mysql\bin;;c:\Users\prave\OneDrive\Documents\Vs code\C program\;C:\Program Files\Java\jd
USERNAME=prave
LANG=en_US.UTF-8
OS=Windows_NT
PROCESSOR_IDENTIFIER=AMD64 Family 23 Model 96 Stepping 1, AuthenticAMD
TMP=C:\Users\prave\AppData\Local\Temp
TEMP=C:\Users\prave\AppData\Local\Temp



Periodic native trim disabled


---------------  S Y S T E M  ---------------

OS:
 Windows 11 , 64 bit Build 22621 (10.0.22621.3958)
OS uptime: 12 days 1:01 hours

CPU: total 16 (initial active 16) (16 cores per cpu, 2 threads per core) family 23 model 96 stepping 1 microcode 0x0, cx8, cmov, fxsr, ht, mmx, 3dnowpref, sse, sse2, sse3, ssse3, sse4a, sse4.1, sse4.2, popcnt, lzcnt, tsc, tscinvbit, avx, avx2, aes, clmul, bmi1, bmi2, adx, sha, fma, vzeroupper, clflush, clflushopt
Processor Information for the first 16 processors :
  Max Mhz: 2900, Current Mhz: 2900, Mhz Limit: 2900

Memory: 4k page, system-wide physical 15732M (752M free)
TotalPageFile size 35617M (AvailPageFile size 9M)
current process WorkingSet (physical memory assigned to process): 11M, peak: 11M
current process commit charge ("private bytes"): 71M, peak: 316M

vm_info: OpenJDK 64-Bit Server VM (17.0.12+7-LTS) for windows-amd64 JRE (17.0.12+7-LTS), built on Jul 16 2024 18:11:44 by "MicrosoftCorporation" with unknown MS VC++:1939

END.
